[    24.666] (WW) Failed to open protocol names file lib/xorg/protocol.txt
[    24.667] 
X.Org X Server 1.20.8
X Protocol Version 11, Revision 0
[    24.667] Build Operating System: Linux Arch Linux
[    24.667] Current Operating System: Linux ArchHome 5.4.54-1-lts #1 SMP Wed, 29 Jul 2020 21:38:41 +0000 x86_64
[    24.667] Kernel command line: BOOT_IMAGE=/vmlinuz-linux-lts root=UUID=0ca3af82-f844-477c-9994-5e3af2bd1a03 rw loglevel=3 quiet
[    24.667] Build Date: 31 July 2020  04:00:57PM
[    24.667]  
[    24.667] Current version of pixman: 0.40.0
[    24.668] 	Before reporting problems, check http://wiki.x.org
	to make sure that you have the latest version.
[    24.668] Markers: (--) probed, (**) from config file, (==) default setting,
	(++) from command line, (!!) notice, (II) informational,
	(WW) warning, (EE) error, (NI) not implemented, (??) unknown.
[    24.668] (==) Log file: "/home/hisham/.local/share/xorg/Xorg.0.log", Time: Mon Aug  3 13:26:43 2020
[    24.672] (==) Using config directory: "/etc/X11/xorg.conf.d"
[    24.673] (==) Using system config directory "/usr/share/X11/xorg.conf.d"
[    24.674] (==) No Layout section.  Using the first Screen section.
[    24.674] (==) No screen section available. Using defaults.
[    24.674] (**) |-->Screen "Default Screen Section" (0)
[    24.674] (**) |   |-->Monitor "<default monitor>"
[    24.674] (==) No device specified for screen "Default Screen Section".
	Using the first device section listed.
[    24.674] (**) |   |-->Device "AMD"
[    24.674] (==) No monitor specified for screen "Default Screen Section".
	Using a default monitor configuration.
[    24.674] (==) Automatically adding devices
[    24.674] (==) Automatically enabling devices
[    24.674] (==) Automatically adding GPU devices
[    24.674] (==) Automatically binding GPU devices
[    24.674] (==) Max clients allowed: 256, resource mask: 0x1fffff
[    24.676] (WW) `fonts.dir' not found (or not valid) in "/usr/share/fonts/misc".
[    24.676] 	Entry deleted from font path.
[    24.676] 	(Run 'mkfontdir' on "/usr/share/fonts/misc").
[    24.676] (WW) `fonts.dir' not found (or not valid) in "/usr/share/fonts/TTF".
[    24.676] 	Entry deleted from font path.
[    24.676] 	(Run 'mkfontdir' on "/usr/share/fonts/TTF").
[    24.676] (WW) `fonts.dir' not found (or not valid) in "/usr/share/fonts/OTF".
[    24.676] 	Entry deleted from font path.
[    24.676] 	(Run 'mkfontdir' on "/usr/share/fonts/OTF").
[    24.676] (WW) The directory "/usr/share/fonts/Type1" does not exist.
[    24.676] 	Entry deleted from font path.
[    24.676] (WW) The directory "/usr/share/fonts/100dpi" does not exist.
[    24.676] 	Entry deleted from font path.
[    24.676] (WW) The directory "/usr/share/fonts/75dpi" does not exist.
[    24.676] 	Entry deleted from font path.
[    24.676] (==) FontPath set to:
	
[    24.676] (==) ModulePath set to "/usr/lib/xorg/modules"
[    24.676] (II) The server relies on udev to provide the list of input devices.
	If no devices become available, reconfigure udev or disable AutoAddDevices.
[    24.676] (II) Module ABI versions:
[    24.676] 	X.Org ANSI C Emulation: 0.4
[    24.676] 	X.Org Video Driver: 24.1
[    24.676] 	X.Org XInput driver : 24.1
[    24.676] 	X.Org Server Extension : 10.0
[    24.677] (++) using VT number 1

[    24.681] (II) systemd-logind: took control of session /org/freedesktop/login1/session/_31
[    24.683] (II) xfree86: Adding drm device (/dev/dri/card0)
[    24.684] (II) systemd-logind: got fd for /dev/dri/card0 226:0 fd 10 paused 0
[    24.688] (--) PCI:*(1@0:0:0) 1002:67df:1da2:353e rev 231, Mem @ 0x4200000000/8589934592, 0x4100000000/2097152, 0x50200000/262144, I/O @ 0x00003000/256, BIOS @ 0x????????/131072
[    24.688] (WW) Open ACPI failed (/var/run/acpid.socket) (No such file or directory)
[    24.688] (II) LoadModule: "glx"
[    24.689] (II) Loading /usr/lib/xorg/modules/extensions/libglx.so
[    24.697] (II) Module glx: vendor="X.Org Foundation"
[    24.697] 	compiled for 1.20.8, module version = 1.0.0
[    24.697] 	ABI class: X.Org Server Extension, version 10.0
[    24.697] (II) LoadModule: "amdgpu"
[    24.699] (II) Loading /usr/lib/xorg/modules/drivers/amdgpu_drv.so
[    24.703] (II) Module amdgpu: vendor="X.Org Foundation"
[    24.703] 	compiled for 1.20.8, module version = 19.1.0
[    24.703] 	Module class: X.Org Video Driver
[    24.703] 	ABI class: X.Org Video Driver, version 24.1
[    24.703] (II) AMDGPU: Driver for AMD Radeon:
	All GPUs supported by the amdgpu kernel driver
[    24.704] (WW) VGA arbiter: cannot open kernel arbiter, no multi-card support
[    24.704] (II) AMDGPU(0): Creating default Display subsection in Screen section
	"Default Screen Section" for depth/fbbpp 24/32
[    24.704] (==) AMDGPU(0): Depth 24, (--) framebuffer bpp 32
[    24.704] (II) AMDGPU(0): Pixel depth = 24 bits stored in 4 bytes (32 bpp pixmaps)
[    24.704] (==) AMDGPU(0): Default visual is TrueColor
[    24.704] (**) AMDGPU(0): Option "DRI" "3"
[    24.704] (**) AMDGPU(0): Option "TearFree" "true"
[    24.704] (==) AMDGPU(0): RGB weight 888
[    24.704] (II) AMDGPU(0): Using 8 bits per RGB (8 bit DAC)
[    24.704] (--) AMDGPU(0): Chipset: "Radeon RX 580 Series" (ChipID = 0x67df)
[    24.704] (II) Loading sub module "fb"
[    24.704] (II) LoadModule: "fb"
[    24.704] (II) Loading /usr/lib/xorg/modules/libfb.so
[    24.705] (II) Module fb: vendor="X.Org Foundation"
[    24.705] 	compiled for 1.20.8, module version = 1.0.0
[    24.705] 	ABI class: X.Org ANSI C Emulation, version 0.4
[    24.705] (II) Loading sub module "dri2"
[    24.705] (II) LoadModule: "dri2"
[    24.705] (II) Module "dri2" already built-in
[    24.890] (II) Loading sub module "glamoregl"
[    24.890] (II) LoadModule: "glamoregl"
[    24.891] (II) Loading /usr/lib/xorg/modules/libglamoregl.so
[    24.905] (II) Module glamoregl: vendor="X.Org Foundation"
[    24.905] 	compiled for 1.20.8, module version = 1.0.1
[    24.905] 	ABI class: X.Org ANSI C Emulation, version 0.4
[    24.935] (II) AMDGPU(0): glamor X acceleration enabled on Radeon RX 580 Series (POLARIS10, DRM 3.35.0, 5.4.54-1-lts, LLVM 10.0.1)
[    24.935] (II) AMDGPU(0): glamor detected, initialising EGL layer.
[    24.935] (**) AMDGPU(0): TearFree property default: on
[    24.935] (==) AMDGPU(0): VariableRefresh: disabled
[    24.935] (II) AMDGPU(0): KMS Pageflipping: enabled
[    24.936] (II) AMDGPU(0): Output DisplayPort-0 has no monitor section
[    24.936] (II) AMDGPU(0): Output DisplayPort-1 has no monitor section
[    24.937] (II) AMDGPU(0): Output HDMI-A-0 has no monitor section
[    24.937] (II) AMDGPU(0): Output HDMI-A-1 has no monitor section
[    24.937] (II) AMDGPU(0): Output DVI-D-0 has no monitor section
[    24.941] (II) AMDGPU(0): EDID for output DisplayPort-0
[    24.941] (II) AMDGPU(0): EDID for output DisplayPort-1
[    24.942] (II) AMDGPU(0): EDID for output HDMI-A-0
[    24.942] (II) AMDGPU(0): Manufacturer: GSM  Model: 1  Serial#: 16843009
[    24.942] (II) AMDGPU(0): Year: 2016  Week: 1
[    24.942] (II) AMDGPU(0): EDID Version: 1.3
[    24.942] (II) AMDGPU(0): Digital Display Input
[    24.942] (II) AMDGPU(0): Max Image Size [cm]: horiz.: 160  vert.: 90
[    24.942] (II) AMDGPU(0): Gamma: 2.20
[    24.942] (II) AMDGPU(0): No DPMS capabilities specified
[    24.942] (II) AMDGPU(0): Supported color encodings: RGB 4:4:4 YCrCb 4:4:4 
[    24.942] (II) AMDGPU(0): First detailed timing is preferred mode
[    24.942] (II) AMDGPU(0): redX: 0.640 redY: 0.330   greenX: 0.300 greenY: 0.600
[    24.942] (II) AMDGPU(0): blueX: 0.150 blueY: 0.060   whiteX: 0.312 whiteY: 0.329
[    24.942] (II) AMDGPU(0): Supported established timings:
[    24.942] (II) AMDGPU(0): 720x400@70Hz
[    24.942] (II) AMDGPU(0): 640x480@60Hz
[    24.942] (II) AMDGPU(0): 800x600@60Hz
[    24.942] (II) AMDGPU(0): 1024x768@60Hz
[    24.942] (II) AMDGPU(0): Manufacturer's mask: 0
[    24.942] (II) AMDGPU(0): Supported standard timings:
[    24.942] (II) AMDGPU(0): #0: hsize: 640  vsize 480  refresh: 60  vid: 16433
[    24.942] (II) AMDGPU(0): #1: hsize: 800  vsize 600  refresh: 60  vid: 16453
[    24.942] (II) AMDGPU(0): #2: hsize: 1024  vsize 768  refresh: 60  vid: 16481
[    24.942] (II) AMDGPU(0): #3: hsize: 1152  vsize 864  refresh: 60  vid: 16497
[    24.942] (II) AMDGPU(0): #4: hsize: 1280  vsize 1024  refresh: 60  vid: 32897
[    24.942] (II) AMDGPU(0): Supported detailed timing:
[    24.942] (II) AMDGPU(0): clock: 594.0 MHz   Image Size:  1600 x 900 mm
[    24.942] (II) AMDGPU(0): h_active: 3840  h_sync: 4016  h_sync_end 4104 h_blank_end 4400 h_border: 0
[    24.942] (II) AMDGPU(0): v_active: 2160  v_sync: 2168  v_sync_end 2178 v_blanking: 2250 v_border: 0
[    24.942] (II) AMDGPU(0): Supported detailed timing:
[    24.942] (II) AMDGPU(0): clock: 148.5 MHz   Image Size:  1600 x 900 mm
[    24.942] (II) AMDGPU(0): h_active: 1920  h_sync: 2008  h_sync_end 2052 h_blank_end 2200 h_border: 0
[    24.942] (II) AMDGPU(0): v_active: 1080  v_sync: 1084  v_sync_end 1089 v_blanking: 1125 v_border: 0
[    24.942] (II) AMDGPU(0): Ranges: V min: 58 V max: 62 Hz, H min: 30 H max: 136 kHz, PixClock max 605 MHz
[    24.942] (II) AMDGPU(0): Monitor name: LG TV
[    24.942] (II) AMDGPU(0): Supported detailed timing:
[    24.942] (II) AMDGPU(0): clock: 74.2 MHz   Image Size:  1600 x 900 mm
[    24.942] (II) AMDGPU(0): h_active: 1920  h_sync: 2008  h_sync_end 2052 h_blank_end 2200 h_border: 0
[    24.942] (II) AMDGPU(0): v_active: 540  v_sync: 542  v_sync_end 547 v_blanking: 562 v_border: 0
[    24.942] (II) AMDGPU(0): Supported detailed timing:
[    24.942] (II) AMDGPU(0): clock: 85.5 MHz   Image Size:  1600 x 900 mm
[    24.942] (II) AMDGPU(0): h_active: 1360  h_sync: 1424  h_sync_end 1536 h_blank_end 1792 h_border: 0
[    24.942] (II) AMDGPU(0): v_active: 768  v_sync: 771  v_sync_end 777 v_blanking: 795 v_border: 0
[    24.942] (II) AMDGPU(0): Number of EDID sections to follow: 1
[    24.942] (II) AMDGPU(0): EDID (in hex):
[    24.942] (II) AMDGPU(0): 	00ffffffffffff001e6d010001010101
[    24.942] (II) AMDGPU(0): 	011a010380a05a780aee91a3544c9926
[    24.942] (II) AMDGPU(0): 	0f5054a1080031404540614071408180
[    24.942] (II) AMDGPU(0): 	01010101010108e80030f2705a80b058
[    24.942] (II) AMDGPU(0): 	8a0040846300001e023a801871382d40
[    24.942] (II) AMDGPU(0): 	582c450040846300001e000000fd003a
[    24.942] (II) AMDGPU(0): 	3e1e883c000a202020202020000000fc
[    24.942] (II) AMDGPU(0): 	004c472054560a20202020202020019f
[    24.942] (II) AMDGPU(0): 	02034bf1586160101f04130514030212
[    24.942] (II) AMDGPU(0): 	20212215015d5e5f6566626364293d06
[    24.942] (II) AMDGPU(0): 	c01507500957076e030c002000b83c20
[    24.942] (II) AMDGPU(0): 	00800102030467d85dc401788003e305
[    24.942] (II) AMDGPU(0): 	c000e40f030018e3060501011d801871
[    24.942] (II) AMDGPU(0): 	1c1620582c250040846300009e662150
[    24.942] (II) AMDGPU(0): 	b051001b304070360040846300001e00
[    24.942] (II) AMDGPU(0): 	00000000000000000000000000000039
[    24.942] (--) AMDGPU(0): HDMI max TMDS frequency 300000KHz
[    24.942] (II) AMDGPU(0): Printing probed modes for output HDMI-A-0
[    24.942] (II) AMDGPU(0): Modeline "3840x2160"x60.0  594.00  3840 4016 4104 4400  2160 2168 2178 2250 +hsync +vsync (135.0 kHz eP)
[    24.942] (II) AMDGPU(0): Modeline "4096x2160"x60.0  594.00  4096 4184 4272 4400  2160 2168 2178 2250 +hsync +vsync (135.0 kHz e)
[    24.942] (II) AMDGPU(0): Modeline "4096x2160"x50.0  594.00  4096 5064 5152 5280  2160 2168 2178 2250 +hsync +vsync (112.5 kHz e)
[    24.942] (II) AMDGPU(0): Modeline "4096x2160"x59.9  593.41  4096 4184 4272 4400  2160 2168 2178 2250 +hsync +vsync (134.9 kHz e)
[    24.942] (II) AMDGPU(0): Modeline "4096x2160"x30.0  297.00  4096 4184 4272 4400  2160 2168 2178 2250 +hsync +vsync (67.5 kHz e)
[    24.942] (II) AMDGPU(0): Modeline "4096x2160"x25.0  297.00  4096 5064 5152 5280  2160 2168 2178 2250 +hsync +vsync (56.2 kHz e)
[    24.942] (II) AMDGPU(0): Modeline "4096x2160"x24.0  297.00  4096 5116 5204 5500  2160 2168 2178 2250 +hsync +vsync (54.0 kHz e)
[    24.942] (II) AMDGPU(0): Modeline "4096x2160"x30.0  296.70  4096 4184 4272 4400  2160 2168 2178 2250 +hsync +vsync (67.4 kHz e)
[    24.942] (II) AMDGPU(0): Modeline "4096x2160"x24.0  296.70  4096 5116 5204 5500  2160 2168 2178 2250 +hsync +vsync (53.9 kHz e)
[    24.942] (II) AMDGPU(0): Modeline "3840x2160"x50.0  594.00  3840 4896 4984 5280  2160 2168 2178 2250 +hsync +vsync (112.5 kHz e)
[    24.942] (II) AMDGPU(0): Modeline "3840x2160"x59.9  593.41  3840 4016 4104 4400  2160 2168 2178 2250 +hsync +vsync (134.9 kHz e)
[    24.942] (II) AMDGPU(0): Modeline "3840x2160"x30.0  297.00  3840 4016 4104 4400  2160 2168 2178 2250 +hsync +vsync (67.5 kHz e)
[    24.942] (II) AMDGPU(0): Modeline "3840x2160"x25.0  297.00  3840 4896 4984 5280  2160 2168 2178 2250 +hsync +vsync (56.2 kHz e)
[    24.942] (II) AMDGPU(0): Modeline "3840x2160"x24.0  297.00  3840 5116 5204 5500  2160 2168 2178 2250 +hsync +vsync (54.0 kHz e)
[    24.942] (II) AMDGPU(0): Modeline "3840x2160"x30.0  296.70  3840 4016 4104 4400  2160 2168 2178 2250 +hsync +vsync (67.4 kHz e)
[    24.942] (II) AMDGPU(0): Modeline "3840x2160"x24.0  296.70  3840 5116 5204 5500  2160 2168 2178 2250 +hsync +vsync (53.9 kHz e)
[    24.942] (II) AMDGPU(0): Modeline "1920x1200"x60.0  594.00  1920 4016 4104 4400  1200 2168 2178 2250 +hsync +vsync (135.0 kHz e)
[    24.942] (II) AMDGPU(0): Modeline "1920x1080"x60.0  148.50  1920 2008 2052 2200  1080 1084 1089 1125 +hsync +vsync (67.5 kHz e)
[    24.942] (II) AMDGPU(0): Modeline "1920x1080"x50.0  148.50  1920 2448 2492 2640  1080 1084 1089 1125 +hsync +vsync (56.2 kHz e)
[    24.942] (II) AMDGPU(0): Modeline "1920x1080"x59.9  148.35  1920 2008 2052 2200  1080 1084 1089 1125 +hsync +vsync (67.4 kHz e)
[    24.942] (II) AMDGPU(0): Modeline "1920x1080"x30.0   74.25  1920 2008 2052 2200  1080 1084 1089 1125 +hsync +vsync (33.8 kHz e)
[    24.942] (II) AMDGPU(0): Modeline "1920x1080"x25.0   74.25  1920 2448 2492 2640  1080 1084 1089 1125 +hsync +vsync (28.1 kHz e)
[    24.943] (II) AMDGPU(0): Modeline "1920x1080"x24.0   74.25  1920 2558 2602 2750  1080 1084 1089 1125 +hsync +vsync (27.0 kHz e)
[    24.943] (II) AMDGPU(0): Modeline "1920x1080"x30.0   74.18  1920 2008 2052 2200  1080 1084 1089 1125 +hsync +vsync (33.7 kHz e)
[    24.943] (II) AMDGPU(0): Modeline "1920x1080"x24.0   74.18  1920 2558 2602 2750  1080 1084 1089 1125 +hsync +vsync (27.0 kHz e)
[    24.943] (II) AMDGPU(0): Modeline "1600x1200"x60.0  594.00  1600 4016 4104 4400  1200 2168 2178 2250 +hsync +vsync (135.0 kHz e)
[    24.943] (II) AMDGPU(0): Modeline "1680x1050"x60.0  594.00  1680 4016 4104 4400  1050 2168 2178 2250 +hsync +vsync (135.0 kHz e)
[    24.943] (II) AMDGPU(0): Modeline "1280x1024"x60.0  108.00  1280 1328 1440 1688  1024 1025 1028 1066 +hsync +vsync (64.0 kHz e)
[    24.943] (II) AMDGPU(0): Modeline "1440x900"x60.0  594.00  1440 4016 4104 4400  900 2168 2178 2250 +hsync +vsync (135.0 kHz e)
[    24.943] (II) AMDGPU(0): Modeline "1360x768"x60.0   85.50  1360 1424 1536 1792  768 771 777 795 +hsync +vsync (47.7 kHz e)
[    24.943] (II) AMDGPU(0): Modeline "1280x800"x60.0  594.00  1280 4016 4104 4400  800 2168 2178 2250 +hsync +vsync (135.0 kHz e)
[    24.943] (II) AMDGPU(0): Modeline "1152x864"x60.0   81.58  1152 1216 1336 1520  864 865 868 895 -hsync +vsync (53.7 kHz)
[    24.943] (II) AMDGPU(0): Modeline "1280x720"x60.0   74.25  1280 1390 1430 1650  720 725 730 750 +hsync +vsync (45.0 kHz e)
[    24.943] (II) AMDGPU(0): Modeline "1280x720"x50.0   74.25  1280 1720 1760 1980  720 725 730 750 +hsync +vsync (37.5 kHz e)
[    24.943] (II) AMDGPU(0): Modeline "1280x720"x59.9   74.18  1280 1390 1430 1650  720 725 730 750 +hsync +vsync (45.0 kHz e)
[    24.943] (II) AMDGPU(0): Modeline "1024x768"x60.0   65.00  1024 1048 1184 1344  768 771 777 806 -hsync -vsync (48.4 kHz e)
[    24.943] (II) AMDGPU(0): Modeline "800x600"x60.3   40.00  800 840 968 1056  600 601 605 628 +hsync +vsync (37.9 kHz e)
[    24.943] (II) AMDGPU(0): Modeline "720x576"x50.0   27.00  720 732 796 864  576 581 586 625 -hsync -vsync (31.2 kHz e)
[    24.943] (II) AMDGPU(0): Modeline "720x480"x60.0   27.03  720 736 798 858  480 489 495 525 -hsync -vsync (31.5 kHz e)
[    24.943] (II) AMDGPU(0): Modeline "720x480"x59.9   27.00  720 736 798 858  480 489 495 525 -hsync -vsync (31.5 kHz e)
[    24.943] (II) AMDGPU(0): Modeline "640x480"x60.0   25.20  640 656 752 800  480 490 492 525 -hsync -vsync (31.5 kHz e)
[    24.943] (II) AMDGPU(0): Modeline "640x480"x59.9   25.18  640 656 752 800  480 490 492 525 -hsync -vsync (31.5 kHz e)
[    24.943] (II) AMDGPU(0): Modeline "720x400"x70.1   28.32  720 738 846 900  400 412 414 449 -hsync +vsync (31.5 kHz e)
[    24.943] (II) AMDGPU(0): EDID for output HDMI-A-1
[    24.943] (II) AMDGPU(0): EDID for output DVI-D-0
[    24.943] (II) AMDGPU(0): Output DisplayPort-0 disconnected
[    24.943] (II) AMDGPU(0): Output DisplayPort-1 disconnected
[    24.943] (II) AMDGPU(0): Output HDMI-A-0 connected
[    24.943] (II) AMDGPU(0): Output HDMI-A-1 disconnected
[    24.943] (II) AMDGPU(0): Output DVI-D-0 disconnected
[    24.943] (II) AMDGPU(0): Using exact sizes for initial modes
[    24.943] (II) AMDGPU(0): Output HDMI-A-0 using initial mode 3840x2160 +0+0
[    24.943] (II) AMDGPU(0): mem size init: gart size :1ff972000 vram size: s:1fdb2c000 visible:1fdb2c000
[    24.943] (==) AMDGPU(0): DPI set to (96, 96)
[    24.943] (==) AMDGPU(0): Using gamma correction (1.0, 1.0, 1.0)
[    24.943] (II) Loading sub module "ramdac"
[    24.943] (II) LoadModule: "ramdac"
[    24.943] (II) Module "ramdac" already built-in
[    24.943] (II) AMDGPU(0): [DRI2] Setup complete
[    24.943] (II) AMDGPU(0): [DRI2]   DRI driver: radeonsi
[    24.943] (II) AMDGPU(0): [DRI2]   VDPAU driver: radeonsi
[    24.943] (II) AMDGPU(0): Front buffer pitch: 15360 bytes
[    24.944] (II) AMDGPU(0): SYNC extension fences enabled
[    24.944] (II) AMDGPU(0): Present extension enabled
[    24.944] (**) AMDGPU(0): DRI3 enabled
[    24.944] (==) AMDGPU(0): Backing store enabled
[    24.944] (II) AMDGPU(0): Direct rendering enabled
[    24.962] (II) AMDGPU(0): Use GLAMOR acceleration.
[    24.962] (II) AMDGPU(0): Acceleration enabled
[    24.962] (==) AMDGPU(0): DPMS enabled
[    24.962] (==) AMDGPU(0): Silken mouse disabled
[    24.962] (II) AMDGPU(0): Set up textured video (glamor)
[    24.975] (II) Initializing extension Generic Event Extension
[    24.975] (II) Initializing extension SHAPE
[    24.975] (II) Initializing extension MIT-SHM
[    24.975] (II) Initializing extension XInputExtension
[    24.975] (II) Initializing extension XTEST
[    24.976] (II) Initializing extension BIG-REQUESTS
[    24.976] (II) Initializing extension SYNC
[    24.976] (II) Initializing extension XKEYBOARD
[    24.976] (II) Initializing extension XC-MISC
[    24.976] (II) Initializing extension SECURITY
[    24.976] (II) Initializing extension XFIXES
[    24.976] (II) Initializing extension RENDER
[    24.976] (II) Initializing extension RANDR
[    24.976] (II) Initializing extension COMPOSITE
[    24.976] (II) Initializing extension DAMAGE
[    24.976] (II) Initializing extension MIT-SCREEN-SAVER
[    24.976] (II) Initializing extension DOUBLE-BUFFER
[    24.976] (II) Initializing extension RECORD
[    24.976] (II) Initializing extension DPMS
[    24.976] (II) Initializing extension Present
[    24.976] (II) Initializing extension DRI3
[    24.976] (II) Initializing extension X-Resource
[    24.976] (II) Initializing extension XVideo
[    24.976] (II) Initializing extension XVideo-MotionCompensation
[    24.976] (II) Initializing extension GLX
[    24.981] (II) AIGLX: Loaded and initialized radeonsi
[    24.981] (II) GLX: Initialized DRI2 GL provider for screen 0
[    24.981] (II) Initializing extension XFree86-VidModeExtension
[    24.981] (II) Initializing extension XFree86-DGA
[    24.981] (II) Initializing extension XFree86-DRI
[    24.981] (II) Initializing extension DRI2
[    24.984] (II) AMDGPU(0): Setting screen physical size to 1016 x 571
[    25.078] (II) config/udev: Adding input device Power Button (/dev/input/event2)
[    25.078] (**) Power Button: Applying InputClass "libinput keyboard catchall"
[    25.078] (**) Power Button: Applying InputClass "system-keyboard"
[    25.078] (II) LoadModule: "libinput"
[    25.078] (II) Loading /usr/lib/xorg/modules/input/libinput_drv.so
[    25.082] (II) Module libinput: vendor="X.Org Foundation"
[    25.082] 	compiled for 1.20.8, module version = 0.30.0
[    25.082] 	Module class: X.Org XInput Driver
[    25.082] 	ABI class: X.Org XInput driver, version 24.1
[    25.082] (II) Using input driver 'libinput' for 'Power Button'
[    25.083] (II) systemd-logind: got fd for /dev/input/event2 13:66 fd 19 paused 0
[    25.083] (**) Power Button: always reports core events
[    25.083] (**) Option "Device" "/dev/input/event2"
[    25.083] (**) Option "_source" "server/udev"
[    25.087] (II) event2  - Power Button: is tagged by udev as: Keyboard
[    25.087] (II) event2  - Power Button: device is a keyboard
[    25.087] (II) event2  - Power Button: device removed
[    25.087] (**) Option "config_info" "udev:/sys/devices/LNXSYSTM:00/LNXPWRBN:00/input/input2/event2"
[    25.087] (II) XINPUT: Adding extended input device "Power Button" (type: KEYBOARD, id 6)
[    25.087] (**) Option "xkb_model" "pc105"
[    25.087] (**) Option "xkb_layout" "latam,ara"
[    25.087] (**) Option "xkb_variant" "deadtilde"
[    25.087] (**) Option "xkb_options" "grp:alt_shift_toggle"
[    25.101] (II) event2  - Power Button: is tagged by udev as: Keyboard
[    25.101] (II) event2  - Power Button: device is a keyboard
[    25.101] (II) config/udev: Adding input device Power Button (/dev/input/event1)
[    25.101] (**) Power Button: Applying InputClass "libinput keyboard catchall"
[    25.101] (**) Power Button: Applying InputClass "system-keyboard"
[    25.101] (II) Using input driver 'libinput' for 'Power Button'
[    25.101] (II) systemd-logind: got fd for /dev/input/event1 13:65 fd 22 paused 0
[    25.101] (**) Power Button: always reports core events
[    25.102] (**) Option "Device" "/dev/input/event1"
[    25.102] (**) Option "_source" "server/udev"
[    25.102] (II) event1  - Power Button: is tagged by udev as: Keyboard
[    25.102] (II) event1  - Power Button: device is a keyboard
[    25.102] (II) event1  - Power Button: device removed
[    25.102] (**) Option "config_info" "udev:/sys/devices/LNXSYSTM:00/LNXSYBUS:00/PNP0C0C:00/input/input1/event1"
[    25.102] (II) XINPUT: Adding extended input device "Power Button" (type: KEYBOARD, id 7)
[    25.102] (**) Option "xkb_model" "pc105"
[    25.102] (**) Option "xkb_layout" "latam,ara"
[    25.102] (**) Option "xkb_variant" "deadtilde"
[    25.102] (**) Option "xkb_options" "grp:alt_shift_toggle"
[    25.103] (II) event1  - Power Button: is tagged by udev as: Keyboard
[    25.103] (II) event1  - Power Button: device is a keyboard
[    25.103] (II) config/udev: Adding input device Sleep Button (/dev/input/event0)
[    25.103] (**) Sleep Button: Applying InputClass "libinput keyboard catchall"
[    25.103] (**) Sleep Button: Applying InputClass "system-keyboard"
[    25.103] (II) Using input driver 'libinput' for 'Sleep Button'
[    25.103] (II) systemd-logind: got fd for /dev/input/event0 13:64 fd 23 paused 0
[    25.103] (**) Sleep Button: always reports core events
[    25.103] (**) Option "Device" "/dev/input/event0"
[    25.103] (**) Option "_source" "server/udev"
[    25.104] (II) event0  - Sleep Button: is tagged by udev as: Keyboard
[    25.104] (II) event0  - Sleep Button: device is a keyboard
[    25.104] (II) event0  - Sleep Button: device removed
[    25.104] (**) Option "config_info" "udev:/sys/devices/LNXSYSTM:00/LNXSYBUS:00/PNP0C0E:00/input/input0/event0"
[    25.104] (II) XINPUT: Adding extended input device "Sleep Button" (type: KEYBOARD, id 8)
[    25.104] (**) Option "xkb_model" "pc105"
[    25.104] (**) Option "xkb_layout" "latam,ara"
[    25.104] (**) Option "xkb_variant" "deadtilde"
[    25.104] (**) Option "xkb_options" "grp:alt_shift_toggle"
[    25.105] (II) event0  - Sleep Button: is tagged by udev as: Keyboard
[    25.105] (II) event0  - Sleep Button: device is a keyboard
[    25.105] (II) config/udev: Adding input device HDA ATI HDMI HDMI/DP,pcm=7 (/dev/input/event9)
[    25.105] (II) No input driver specified, ignoring this device.
[    25.105] (II) This device may have been added with another device file.
[    25.105] (II) config/udev: Adding input device HDA ATI HDMI HDMI/DP,pcm=8 (/dev/input/event10)
[    25.105] (II) No input driver specified, ignoring this device.
[    25.105] (II) This device may have been added with another device file.
[    25.105] (II) config/udev: Adding input device HDA ATI HDMI HDMI/DP,pcm=9 (/dev/input/event11)
[    25.105] (II) No input driver specified, ignoring this device.
[    25.105] (II) This device may have been added with another device file.
[    25.106] (II) config/udev: Adding input device HDA ATI HDMI HDMI/DP,pcm=10 (/dev/input/event12)
[    25.106] (II) No input driver specified, ignoring this device.
[    25.106] (II) This device may have been added with another device file.
[    25.106] (II) config/udev: Adding input device HDA ATI HDMI HDMI/DP,pcm=11 (/dev/input/event13)
[    25.106] (II) No input driver specified, ignoring this device.
[    25.106] (II) This device may have been added with another device file.
[    25.106] (II) config/udev: Adding input device HDA ATI HDMI HDMI/DP,pcm=3 (/dev/input/event8)
[    25.106] (II) No input driver specified, ignoring this device.
[    25.106] (II) This device may have been added with another device file.
[    25.106] (II) config/udev: Adding input device Hisham AbdulHai’s Keyboard (/dev/input/event27)
[    25.106] (**) Hisham AbdulHai’s Keyboard: Applying InputClass "libinput keyboard catchall"
[    25.106] (**) Hisham AbdulHai’s Keyboard: Applying InputClass "system-keyboard"
[    25.106] (II) Using input driver 'libinput' for 'Hisham AbdulHai’s Keyboard'
[    25.107] (II) systemd-logind: got fd for /dev/input/event27 13:91 fd 24 paused 0
[    25.107] (**) Hisham AbdulHai’s Keyboard: always reports core events
[    25.107] (**) Option "Device" "/dev/input/event27"
[    25.107] (**) Option "_source" "server/udev"
[    25.107] (II) event27 - Hisham AbdulHai’s Keyboard: is tagged by udev as: Keyboard
[    25.108] (II) event27 - Hisham AbdulHai’s Keyboard: device is a keyboard
[    25.108] (II) event27 - Hisham AbdulHai’s Keyboard: device removed
[    25.108] (**) Option "config_info" "udev:/sys/devices/pci0000:00/0000:00:14.0/usb1/1-14/1-14:1.0/bluetooth/hci0/hci0:256/0005:05AC:0256.0006/input/input28/event27"
[    25.108] (II) XINPUT: Adding extended input device "Hisham AbdulHai’s Keyboard" (type: KEYBOARD, id 9)
[    25.108] (**) Option "xkb_model" "pc105"
[    25.108] (**) Option "xkb_layout" "latam,ara"
[    25.108] (**) Option "xkb_variant" "deadtilde"
[    25.108] (**) Option "xkb_options" "grp:alt_shift_toggle"
[    25.109] (II) event27 - Hisham AbdulHai’s Keyboard: is tagged by udev as: Keyboard
[    25.109] (II) event27 - Hisham AbdulHai’s Keyboard: device is a keyboard
[    25.109] (II) config/udev: Adding input device Microsoft Microsoft® Nano Transceiver v2.0 (/dev/input/event3)
[    25.109] (**) Microsoft Microsoft® Nano Transceiver v2.0: Applying InputClass "libinput keyboard catchall"
[    25.109] (**) Microsoft Microsoft® Nano Transceiver v2.0: Applying InputClass "system-keyboard"
[    25.109] (II) Using input driver 'libinput' for 'Microsoft Microsoft® Nano Transceiver v2.0'
[    25.110] (II) systemd-logind: got fd for /dev/input/event3 13:67 fd 25 paused 0
[    25.110] (**) Microsoft Microsoft® Nano Transceiver v2.0: always reports core events
[    25.110] (**) Option "Device" "/dev/input/event3"
[    25.110] (**) Option "_source" "server/udev"
[    25.110] (II) event3  - Microsoft Microsoft® Nano Transceiver v2.0: is tagged by udev as: Keyboard
[    25.110] (II) event3  - Microsoft Microsoft® Nano Transceiver v2.0: device is a keyboard
[    25.110] (II) event3  - Microsoft Microsoft® Nano Transceiver v2.0: device removed
[    25.110] (**) Option "config_info" "udev:/sys/devices/pci0000:00/0000:00:14.0/usb1/1-4/1-4:1.0/0003:045E:0745.0001/input/input3/event3"
[    25.110] (II) XINPUT: Adding extended input device "Microsoft Microsoft® Nano Transceiver v2.0" (type: KEYBOARD, id 10)
[    25.110] (**) Option "xkb_model" "pc105"
[    25.110] (**) Option "xkb_layout" "latam,ara"
[    25.110] (**) Option "xkb_variant" "deadtilde"
[    25.110] (**) Option "xkb_options" "grp:alt_shift_toggle"
[    25.111] (II) event3  - Microsoft Microsoft® Nano Transceiver v2.0: is tagged by udev as: Keyboard
[    25.111] (II) event3  - Microsoft Microsoft® Nano Transceiver v2.0: device is a keyboard
[    25.112] (II) config/udev: Adding input device Microsoft Microsoft® Nano Transceiver v2.0 Mouse (/dev/input/event4)
[    25.112] (**) Microsoft Microsoft® Nano Transceiver v2.0 Mouse: Applying InputClass "libinput pointer catchall"
[    25.112] (II) Using input driver 'libinput' for 'Microsoft Microsoft® Nano Transceiver v2.0 Mouse'
[    25.112] (II) systemd-logind: got fd for /dev/input/event4 13:68 fd 26 paused 0
[    25.112] (**) Microsoft Microsoft® Nano Transceiver v2.0 Mouse: always reports core events
[    25.112] (**) Option "Device" "/dev/input/event4"
[    25.112] (**) Option "_source" "server/udev"
[    25.113] (II) event4  - Microsoft Microsoft® Nano Transceiver v2.0 Mouse: is tagged by udev as: Mouse
[    25.113] (II) event4  - Microsoft Microsoft® Nano Transceiver v2.0 Mouse: device is a pointer
[    25.113] (II) event4  - Microsoft Microsoft® Nano Transceiver v2.0 Mouse: device removed
[    25.113] (**) Option "config_info" "udev:/sys/devices/pci0000:00/0000:00:14.0/usb1/1-4/1-4:1.1/0003:045E:0745.0002/input/input4/event4"
[    25.113] (II) XINPUT: Adding extended input device "Microsoft Microsoft® Nano Transceiver v2.0 Mouse" (type: MOUSE, id 11)
[    25.113] (**) Option "AccelerationScheme" "none"
[    25.113] (**) Microsoft Microsoft® Nano Transceiver v2.0 Mouse: (accel) selected scheme none/0
[    25.113] (**) Microsoft Microsoft® Nano Transceiver v2.0 Mouse: (accel) acceleration factor: 2.000
[    25.113] (**) Microsoft Microsoft® Nano Transceiver v2.0 Mouse: (accel) acceleration threshold: 4
[    25.114] (II) event4  - Microsoft Microsoft® Nano Transceiver v2.0 Mouse: is tagged by udev as: Mouse
[    25.114] (II) event4  - Microsoft Microsoft® Nano Transceiver v2.0 Mouse: device is a pointer
[    25.114] (II) config/udev: Adding input device Microsoft Microsoft® Nano Transceiver v2.0 Mouse (/dev/input/mouse0)
[    25.114] (II) No input driver specified, ignoring this device.
[    25.115] (II) This device may have been added with another device file.
[    25.115] (II) config/udev: Adding input device Microsoft Microsoft® Nano Transceiver v2.0 Consumer Control (/dev/input/event5)
[    25.115] (**) Microsoft Microsoft® Nano Transceiver v2.0 Consumer Control: Applying InputClass "libinput keyboard catchall"
[    25.115] (**) Microsoft Microsoft® Nano Transceiver v2.0 Consumer Control: Applying InputClass "system-keyboard"
[    25.115] (II) Using input driver 'libinput' for 'Microsoft Microsoft® Nano Transceiver v2.0 Consumer Control'
[    25.115] (II) systemd-logind: got fd for /dev/input/event5 13:69 fd 27 paused 0
[    25.115] (**) Microsoft Microsoft® Nano Transceiver v2.0 Consumer Control: always reports core events
[    25.115] (**) Option "Device" "/dev/input/event5"
[    25.115] (**) Option "_source" "server/udev"
[    25.116] (II) event5  - Microsoft Microsoft® Nano Transceiver v2.0 Consumer Control: is tagged by udev as: Keyboard
[    25.116] (II) event5  - Microsoft Microsoft® Nano Transceiver v2.0 Consumer Control: device is a keyboard
[    25.116] (II) event5  - Microsoft Microsoft® Nano Transceiver v2.0 Consumer Control: device removed
[    25.116] (II) libinput: Microsoft Microsoft® Nano Transceiver v2.0 Consumer Control: needs a virtual subdevice
[    25.116] (**) Option "config_info" "udev:/sys/devices/pci0000:00/0000:00:14.0/usb1/1-4/1-4:1.1/0003:045E:0745.0002/input/input5/event5"
[    25.116] (II) XINPUT: Adding extended input device "Microsoft Microsoft® Nano Transceiver v2.0 Consumer Control" (type: MOUSE, id 12)
[    25.116] (**) Option "AccelerationScheme" "none"
[    25.116] (**) Microsoft Microsoft® Nano Transceiver v2.0 Consumer Control: (accel) selected scheme none/0
[    25.116] (**) Microsoft Microsoft® Nano Transceiver v2.0 Consumer Control: (accel) acceleration factor: 2.000
[    25.116] (**) Microsoft Microsoft® Nano Transceiver v2.0 Consumer Control: (accel) acceleration threshold: 4
[    25.117] (II) event5  - Microsoft Microsoft® Nano Transceiver v2.0 Consumer Control: is tagged by udev as: Keyboard
[    25.117] (II) event5  - Microsoft Microsoft® Nano Transceiver v2.0 Consumer Control: device is a keyboard
[    25.118] (II) config/udev: Adding input device Microsoft Microsoft® Nano Transceiver v2.0 Consumer Control (/dev/input/event6)
[    25.118] (**) Microsoft Microsoft® Nano Transceiver v2.0 Consumer Control: Applying InputClass "libinput keyboard catchall"
[    25.118] (**) Microsoft Microsoft® Nano Transceiver v2.0 Consumer Control: Applying InputClass "system-keyboard"
[    25.118] (II) Using input driver 'libinput' for 'Microsoft Microsoft® Nano Transceiver v2.0 Consumer Control'
[    25.118] (II) systemd-logind: got fd for /dev/input/event6 13:70 fd 28 paused 0
[    25.118] (**) Microsoft Microsoft® Nano Transceiver v2.0 Consumer Control: always reports core events
[    25.118] (**) Option "Device" "/dev/input/event6"
[    25.118] (**) Option "_source" "server/udev"
[    25.119] (II) event6  - Microsoft Microsoft® Nano Transceiver v2.0 Consumer Control: is tagged by udev as: Keyboard
[    25.119] (II) event6  - Microsoft Microsoft® Nano Transceiver v2.0 Consumer Control: device is a keyboard
[    25.119] (II) event6  - Microsoft Microsoft® Nano Transceiver v2.0 Consumer Control: device removed
[    25.119] (II) libinput: Microsoft Microsoft® Nano Transceiver v2.0 Consumer Control: needs a virtual subdevice
[    25.119] (**) Option "config_info" "udev:/sys/devices/pci0000:00/0000:00:14.0/usb1/1-4/1-4:1.2/0003:045E:0745.0003/input/input6/event6"
[    25.119] (II) XINPUT: Adding extended input device "Microsoft Microsoft® Nano Transceiver v2.0 Consumer Control" (type: MOUSE, id 13)
[    25.119] (**) Option "AccelerationScheme" "none"
[    25.119] (**) Microsoft Microsoft® Nano Transceiver v2.0 Consumer Control: (accel) selected scheme none/0
[    25.119] (**) Microsoft Microsoft® Nano Transceiver v2.0 Consumer Control: (accel) acceleration factor: 2.000
[    25.119] (**) Microsoft Microsoft® Nano Transceiver v2.0 Consumer Control: (accel) acceleration threshold: 4
[    25.120] (II) event6  - Microsoft Microsoft® Nano Transceiver v2.0 Consumer Control: is tagged by udev as: Keyboard
[    25.120] (II) event6  - Microsoft Microsoft® Nano Transceiver v2.0 Consumer Control: device is a keyboard
[    25.120] (II) config/udev: Adding input device Microsoft Microsoft® Nano Transceiver v2.0 System Control (/dev/input/event7)
[    25.120] (**) Microsoft Microsoft® Nano Transceiver v2.0 System Control: Applying InputClass "libinput keyboard catchall"
[    25.120] (**) Microsoft Microsoft® Nano Transceiver v2.0 System Control: Applying InputClass "system-keyboard"
[    25.120] (II) Using input driver 'libinput' for 'Microsoft Microsoft® Nano Transceiver v2.0 System Control'
[    25.121] (II) systemd-logind: got fd for /dev/input/event7 13:71 fd 29 paused 0
[    25.121] (**) Microsoft Microsoft® Nano Transceiver v2.0 System Control: always reports core events
[    25.121] (**) Option "Device" "/dev/input/event7"
[    25.121] (**) Option "_source" "server/udev"
[    25.121] (II) event7  - Microsoft Microsoft® Nano Transceiver v2.0 System Control: is tagged by udev as: Keyboard
[    25.121] (II) event7  - Microsoft Microsoft® Nano Transceiver v2.0 System Control: device is a keyboard
[    25.122] (II) event7  - Microsoft Microsoft® Nano Transceiver v2.0 System Control: device removed
[    25.122] (**) Option "config_info" "udev:/sys/devices/pci0000:00/0000:00:14.0/usb1/1-4/1-4:1.2/0003:045E:0745.0003/input/input8/event7"
[    25.122] (II) XINPUT: Adding extended input device "Microsoft Microsoft® Nano Transceiver v2.0 System Control" (type: KEYBOARD, id 14)
[    25.122] (**) Option "xkb_model" "pc105"
[    25.122] (**) Option "xkb_layout" "latam,ara"
[    25.122] (**) Option "xkb_variant" "deadtilde"
[    25.122] (**) Option "xkb_options" "grp:alt_shift_toggle"
[    25.122] (II) event7  - Microsoft Microsoft® Nano Transceiver v2.0 System Control: is tagged by udev as: Keyboard
[    25.123] (II) event7  - Microsoft Microsoft® Nano Transceiver v2.0 System Control: device is a keyboard
[    25.123] (II) config/udev: Adding input device 123 COM Smart Control (/dev/input/event23)
[    25.123] (**) 123 COM Smart Control: Applying InputClass "libinput keyboard catchall"
[    25.123] (**) 123 COM Smart Control: Applying InputClass "system-keyboard"
[    25.123] (II) Using input driver 'libinput' for '123 COM Smart Control'
[    25.123] (II) systemd-logind: got fd for /dev/input/event23 13:87 fd 30 paused 0
[    25.123] (**) 123 COM Smart Control: always reports core events
[    25.123] (**) Option "Device" "/dev/input/event23"
[    25.123] (**) Option "_source" "server/udev"
[    25.124] (II) event23 - 123 COM Smart Control: is tagged by udev as: Keyboard
[    25.124] (II) event23 - 123 COM Smart Control: device is a keyboard
[    25.124] (II) event23 - 123 COM Smart Control: device removed
[    25.124] (**) Option "config_info" "udev:/sys/devices/pci0000:00/0000:00:14.0/usb1/1-9/1-9:1.2/0003:1915:1025.0004/input/input24/event23"
[    25.124] (II) XINPUT: Adding extended input device "123 COM Smart Control" (type: KEYBOARD, id 15)
[    25.124] (**) Option "xkb_model" "pc105"
[    25.124] (**) Option "xkb_layout" "latam,ara"
[    25.124] (**) Option "xkb_variant" "deadtilde"
[    25.124] (**) Option "xkb_options" "grp:alt_shift_toggle"
[    25.125] (II) event23 - 123 COM Smart Control: is tagged by udev as: Keyboard
[    25.125] (II) event23 - 123 COM Smart Control: device is a keyboard
[    25.126] (II) config/udev: Adding input device 123 COM Smart Control Mouse (/dev/input/event24)
[    25.126] (**) 123 COM Smart Control Mouse: Applying InputClass "libinput pointer catchall"
[    25.126] (II) Using input driver 'libinput' for '123 COM Smart Control Mouse'
[    25.126] (II) systemd-logind: got fd for /dev/input/event24 13:88 fd 31 paused 0
[    25.126] (**) 123 COM Smart Control Mouse: always reports core events
[    25.126] (**) Option "Device" "/dev/input/event24"
[    25.126] (**) Option "_source" "server/udev"
[    25.127] (II) event24 - 123 COM Smart Control Mouse: is tagged by udev as: Mouse
[    25.127] (II) event24 - 123 COM Smart Control Mouse: device is a pointer
[    25.127] (II) event24 - 123 COM Smart Control Mouse: device removed
[    25.127] (**) Option "config_info" "udev:/sys/devices/pci0000:00/0000:00:14.0/usb1/1-9/1-9:1.3/0003:1915:1025.0005/input/input25/event24"
[    25.127] (II) XINPUT: Adding extended input device "123 COM Smart Control Mouse" (type: MOUSE, id 16)
[    25.127] (**) Option "AccelerationScheme" "none"
[    25.127] (**) 123 COM Smart Control Mouse: (accel) selected scheme none/0
[    25.127] (**) 123 COM Smart Control Mouse: (accel) acceleration factor: 2.000
[    25.127] (**) 123 COM Smart Control Mouse: (accel) acceleration threshold: 4
[    25.128] (II) event24 - 123 COM Smart Control Mouse: is tagged by udev as: Mouse
[    25.128] (II) event24 - 123 COM Smart Control Mouse: device is a pointer
[    25.128] (II) config/udev: Adding input device 123 COM Smart Control Mouse (/dev/input/mouse1)
[    25.128] (II) No input driver specified, ignoring this device.
[    25.128] (II) This device may have been added with another device file.
[    25.129] (II) config/udev: Adding input device 123 COM Smart Control Consumer Control (/dev/input/event25)
[    25.129] (**) 123 COM Smart Control Consumer Control: Applying InputClass "libinput keyboard catchall"
[    25.129] (**) 123 COM Smart Control Consumer Control: Applying InputClass "system-keyboard"
[    25.129] (II) Using input driver 'libinput' for '123 COM Smart Control Consumer Control'
[    25.129] (II) systemd-logind: got fd for /dev/input/event25 13:89 fd 32 paused 0
[    25.129] (**) 123 COM Smart Control Consumer Control: always reports core events
[    25.129] (**) Option "Device" "/dev/input/event25"
[    25.129] (**) Option "_source" "server/udev"
[    25.130] (II) event25 - 123 COM Smart Control Consumer Control: is tagged by udev as: Keyboard
[    25.130] (II) event25 - 123 COM Smart Control Consumer Control: device is a keyboard
[    25.130] (II) event25 - 123 COM Smart Control Consumer Control: device removed
[    25.130] (II) libinput: 123 COM Smart Control Consumer Control: needs a virtual subdevice
[    25.130] (**) Option "config_info" "udev:/sys/devices/pci0000:00/0000:00:14.0/usb1/1-9/1-9:1.3/0003:1915:1025.0005/input/input26/event25"
[    25.130] (II) XINPUT: Adding extended input device "123 COM Smart Control Consumer Control" (type: MOUSE, id 17)
[    25.130] (**) Option "AccelerationScheme" "none"
[    25.130] (**) 123 COM Smart Control Consumer Control: (accel) selected scheme none/0
[    25.130] (**) 123 COM Smart Control Consumer Control: (accel) acceleration factor: 2.000
[    25.130] (**) 123 COM Smart Control Consumer Control: (accel) acceleration threshold: 4
[    25.131] (II) event25 - 123 COM Smart Control Consumer Control: is tagged by udev as: Keyboard
[    25.131] (II) event25 - 123 COM Smart Control Consumer Control: device is a keyboard
[    25.131] (II) config/udev: Adding input device 123 COM Smart Control System Control (/dev/input/event26)
[    25.131] (**) 123 COM Smart Control System Control: Applying InputClass "libinput keyboard catchall"
[    25.131] (**) 123 COM Smart Control System Control: Applying InputClass "system-keyboard"
[    25.131] (II) Using input driver 'libinput' for '123 COM Smart Control System Control'
[    25.132] (II) systemd-logind: got fd for /dev/input/event26 13:90 fd 33 paused 0
[    25.132] (**) 123 COM Smart Control System Control: always reports core events
[    25.132] (**) Option "Device" "/dev/input/event26"
[    25.132] (**) Option "_source" "server/udev"
[    25.132] (II) event26 - 123 COM Smart Control System Control: is tagged by udev as: Keyboard
[    25.132] (II) event26 - 123 COM Smart Control System Control: device is a keyboard
[    25.133] (II) event26 - 123 COM Smart Control System Control: device removed
[    25.133] (**) Option "config_info" "udev:/sys/devices/pci0000:00/0000:00:14.0/usb1/1-9/1-9:1.3/0003:1915:1025.0005/input/input27/event26"
[    25.133] (II) XINPUT: Adding extended input device "123 COM Smart Control System Control" (type: KEYBOARD, id 18)
[    25.133] (**) Option "xkb_model" "pc105"
[    25.133] (**) Option "xkb_layout" "latam,ara"
[    25.133] (**) Option "xkb_variant" "deadtilde"
[    25.133] (**) Option "xkb_options" "grp:alt_shift_toggle"
[    25.133] (II) event26 - 123 COM Smart Control System Control: is tagged by udev as: Keyboard
[    25.133] (II) event26 - 123 COM Smart Control System Control: device is a keyboard
[    25.134] (II) config/udev: Adding input device HDA Intel PCH Front Mic (/dev/input/event14)
[    25.134] (II) No input driver specified, ignoring this device.
[    25.134] (II) This device may have been added with another device file.
[    25.134] (II) config/udev: Adding input device HDA Intel PCH Rear Mic (/dev/input/event15)
[    25.134] (II) No input driver specified, ignoring this device.
[    25.134] (II) This device may have been added with another device file.
[    25.134] (II) config/udev: Adding input device HDA Intel PCH Line (/dev/input/event16)
[    25.134] (II) No input driver specified, ignoring this device.
[    25.134] (II) This device may have been added with another device file.
[    25.134] (II) config/udev: Adding input device HDA Intel PCH Line Out Front (/dev/input/event17)
[    25.134] (II) No input driver specified, ignoring this device.
[    25.134] (II) This device may have been added with another device file.
[    25.134] (II) config/udev: Adding input device HDA Intel PCH Line Out Surround (/dev/input/event18)
[    25.134] (II) No input driver specified, ignoring this device.
[    25.134] (II) This device may have been added with another device file.
[    25.135] (II) config/udev: Adding input device HDA Intel PCH Line Out CLFE (/dev/input/event19)
[    25.135] (II) No input driver specified, ignoring this device.
[    25.135] (II) This device may have been added with another device file.
[    25.135] (II) config/udev: Adding input device HDA Intel PCH Line Out Side (/dev/input/event20)
[    25.135] (II) No input driver specified, ignoring this device.
[    25.135] (II) This device may have been added with another device file.
[    25.135] (II) config/udev: Adding input device HDA Intel PCH Front Headphone (/dev/input/event21)
[    25.135] (II) No input driver specified, ignoring this device.
[    25.135] (II) This device may have been added with another device file.
[    25.135] (II) config/udev: Adding input device PC Speaker (/dev/input/event22)
[    25.135] (II) No input driver specified, ignoring this device.
[    25.135] (II) This device may have been added with another device file.
[    25.137] (**) Microsoft Microsoft® Nano Transceiver v2.0 Consumer Control: Applying InputClass "libinput keyboard catchall"
[    25.137] (**) Microsoft Microsoft® Nano Transceiver v2.0 Consumer Control: Applying InputClass "system-keyboard"
[    25.137] (II) Using input driver 'libinput' for 'Microsoft Microsoft® Nano Transceiver v2.0 Consumer Control'
[    25.137] (II) systemd-logind: returning pre-existing fd for /dev/input/event5 13:69
[    25.137] (**) Microsoft Microsoft® Nano Transceiver v2.0 Consumer Control: always reports core events
[    25.137] (**) Option "Device" "/dev/input/event5"
[    25.137] (**) Option "_source" "_driver/libinput"
[    25.137] (II) libinput: Microsoft Microsoft® Nano Transceiver v2.0 Consumer Control: is a virtual subdevice
[    25.137] (**) Option "config_info" "udev:/sys/devices/pci0000:00/0000:00:14.0/usb1/1-4/1-4:1.1/0003:045E:0745.0002/input/input5/event5"
[    25.137] (II) XINPUT: Adding extended input device "Microsoft Microsoft® Nano Transceiver v2.0 Consumer Control" (type: KEYBOARD, id 19)
[    25.137] (**) Option "xkb_model" "pc105"
[    25.137] (**) Option "xkb_layout" "latam,ara"
[    25.137] (**) Option "xkb_variant" "deadtilde"
[    25.137] (**) Option "xkb_options" "grp:alt_shift_toggle"
[    25.137] (**) Microsoft Microsoft® Nano Transceiver v2.0 Consumer Control: Applying InputClass "libinput keyboard catchall"
[    25.137] (**) Microsoft Microsoft® Nano Transceiver v2.0 Consumer Control: Applying InputClass "system-keyboard"
[    25.137] (II) Using input driver 'libinput' for 'Microsoft Microsoft® Nano Transceiver v2.0 Consumer Control'
[    25.137] (II) systemd-logind: returning pre-existing fd for /dev/input/event6 13:70
[    25.137] (**) Microsoft Microsoft® Nano Transceiver v2.0 Consumer Control: always reports core events
[    25.137] (**) Option "Device" "/dev/input/event6"
[    25.137] (**) Option "_source" "_driver/libinput"
[    25.137] (II) libinput: Microsoft Microsoft® Nano Transceiver v2.0 Consumer Control: is a virtual subdevice
[    25.137] (**) Option "config_info" "udev:/sys/devices/pci0000:00/0000:00:14.0/usb1/1-4/1-4:1.2/0003:045E:0745.0003/input/input6/event6"
[    25.137] (II) XINPUT: Adding extended input device "Microsoft Microsoft® Nano Transceiver v2.0 Consumer Control" (type: KEYBOARD, id 20)
[    25.137] (**) Option "xkb_model" "pc105"
[    25.137] (**) Option "xkb_layout" "latam,ara"
[    25.137] (**) Option "xkb_variant" "deadtilde"
[    25.137] (**) Option "xkb_options" "grp:alt_shift_toggle"
[    25.137] (**) 123 COM Smart Control Consumer Control: Applying InputClass "libinput keyboard catchall"
[    25.137] (**) 123 COM Smart Control Consumer Control: Applying InputClass "system-keyboard"
[    25.137] (II) Using input driver 'libinput' for '123 COM Smart Control Consumer Control'
[    25.137] (II) systemd-logind: returning pre-existing fd for /dev/input/event25 13:89
[    25.137] (**) 123 COM Smart Control Consumer Control: always reports core events
[    25.137] (**) Option "Device" "/dev/input/event25"
[    25.137] (**) Option "_source" "_driver/libinput"
[    25.137] (II) libinput: 123 COM Smart Control Consumer Control: is a virtual subdevice
[    25.137] (**) Option "config_info" "udev:/sys/devices/pci0000:00/0000:00:14.0/usb1/1-9/1-9:1.3/0003:1915:1025.0005/input/input26/event25"
[    25.137] (II) XINPUT: Adding extended input device "123 COM Smart Control Consumer Control" (type: KEYBOARD, id 21)
[    25.137] (**) Option "xkb_model" "pc105"
[    25.137] (**) Option "xkb_layout" "latam,ara"
[    25.137] (**) Option "xkb_variant" "deadtilde"
[    25.138] (**) Option "xkb_options" "grp:alt_shift_toggle"
[    36.687] (II) config/udev: Adding input device Hisham AbdulHai’s Mouse (/dev/input/mouse2)
[    36.687] (II) No input driver specified, ignoring this device.
[    36.687] (II) This device may have been added with another device file.
[    36.786] (II) config/udev: Adding input device Hisham AbdulHai’s Mouse (/dev/input/event28)
[    36.786] (**) Hisham AbdulHai’s Mouse: Applying InputClass "libinput pointer catchall"
[    36.786] (II) Using input driver 'libinput' for 'Hisham AbdulHai’s Mouse'
[    36.788] (II) systemd-logind: got fd for /dev/input/event28 13:92 fd 54 paused 0
[    36.788] (**) Hisham AbdulHai’s Mouse: always reports core events
[    36.788] (**) Option "Device" "/dev/input/event28"
[    36.788] (**) Option "_source" "server/udev"
[    36.791] (II) event28 - Hisham AbdulHai’s Mouse: is tagged by udev as: Mouse
[    36.791] (II) event28 - Hisham AbdulHai’s Mouse: device set to 1300 DPI
[    36.792] (II) event28 - Hisham AbdulHai’s Mouse: device is a pointer
[    36.792] (II) event28 - Hisham AbdulHai’s Mouse: device removed
[    36.792] (**) Option "config_info" "udev:/sys/devices/pci0000:00/0000:00:14.0/usb1/1-14/1-14:1.0/bluetooth/hci0/hci0:512/0005:05AC:030D.0007/input/input29/event28"
[    36.792] (II) XINPUT: Adding extended input device "Hisham AbdulHai’s Mouse" (type: MOUSE, id 22)
[    36.792] (**) Option "AccelerationScheme" "none"
[    36.792] (**) Hisham AbdulHai’s Mouse: (accel) selected scheme none/0
[    36.792] (**) Hisham AbdulHai’s Mouse: (accel) acceleration factor: 2.000
[    36.792] (**) Hisham AbdulHai’s Mouse: (accel) acceleration threshold: 4
[    36.793] (II) event28 - Hisham AbdulHai’s Mouse: is tagged by udev as: Mouse
[    36.793] (II) event28 - Hisham AbdulHai’s Mouse: device set to 1300 DPI
[    36.793] (II) event28 - Hisham AbdulHai’s Mouse: device is a pointer
[   731.999] (**) Option "fd" "19"
[   731.999] (II) event2  - Power Button: device removed
[   731.999] (**) Option "fd" "22"
[   731.999] (II) event1  - Power Button: device removed
[   731.999] (**) Option "fd" "23"
[   731.999] (II) event0  - Sleep Button: device removed
[   731.999] (**) Option "fd" "24"
[   731.999] (II) event27 - Hisham AbdulHai’s Keyboard: device removed
[   732.000] (**) Option "fd" "25"
[   732.000] (II) event3  - Microsoft Microsoft® Nano Transceiver v2.0: device removed
[   732.000] (**) Option "fd" "26"
[   732.000] (II) event4  - Microsoft Microsoft® Nano Transceiver v2.0 Mouse: device removed
[   732.000] (**) Option "fd" "27"
[   732.000] (**) Option "fd" "28"
[   732.000] (**) Option "fd" "29"
[   732.000] (II) event7  - Microsoft Microsoft® Nano Transceiver v2.0 System Control: device removed
[   732.000] (**) Option "fd" "30"
[   732.000] (II) event23 - 123 COM Smart Control: device removed
[   732.000] (**) Option "fd" "31"
[   732.000] (II) event24 - 123 COM Smart Control Mouse: device removed
[   732.000] (**) Option "fd" "32"
[   732.000] (**) Option "fd" "33"
[   732.000] (II) event26 - 123 COM Smart Control System Control: device removed
[   732.000] (**) Option "fd" "27"
[   732.000] (II) event5  - Microsoft Microsoft® Nano Transceiver v2.0 Consumer Control: device removed
[   732.001] (**) Option "fd" "28"
[   732.001] (II) event6  - Microsoft Microsoft® Nano Transceiver v2.0 Consumer Control: device removed
[   732.001] (**) Option "fd" "32"
[   732.001] (II) event25 - 123 COM Smart Control Consumer Control: device removed
[   732.001] (**) Option "fd" "54"
[   732.001] (II) event28 - Hisham AbdulHai’s Mouse: device removed
[   732.002] (II) UnloadModule: "libinput"
[   732.002] (II) systemd-logind: releasing fd for 13:92
[   732.178] (II) UnloadModule: "libinput"
[   732.178] (II) systemd-logind: not releasing fd for 13:89, still in use
[   732.179] (II) UnloadModule: "libinput"
[   732.179] (II) systemd-logind: not releasing fd for 13:70, still in use
[   732.179] (II) UnloadModule: "libinput"
[   732.179] (II) systemd-logind: not releasing fd for 13:69, still in use
[   732.179] (II) UnloadModule: "libinput"
[   732.179] (II) systemd-logind: releasing fd for 13:90
[   732.278] (II) UnloadModule: "libinput"
[   732.278] (II) systemd-logind: releasing fd for 13:89
[   732.318] (II) UnloadModule: "libinput"
[   732.318] (II) systemd-logind: releasing fd for 13:88
[   732.478] (II) UnloadModule: "libinput"
[   732.478] (II) systemd-logind: releasing fd for 13:87
[   732.578] (II) UnloadModule: "libinput"
[   732.578] (II) systemd-logind: releasing fd for 13:71
[   732.638] (II) UnloadModule: "libinput"
[   732.638] (II) systemd-logind: releasing fd for 13:70
[   732.678] (II) UnloadModule: "libinput"
[   732.678] (II) systemd-logind: releasing fd for 13:69
[   732.738] (II) UnloadModule: "libinput"
[   732.738] (II) systemd-logind: releasing fd for 13:68
[   732.838] (II) UnloadModule: "libinput"
[   732.838] (II) systemd-logind: releasing fd for 13:67
[   732.888] (II) UnloadModule: "libinput"
[   732.888] (II) systemd-logind: releasing fd for 13:91
[   732.889] (EE) systemd-logind: failed to release device: Device not taken
[   732.928] (II) UnloadModule: "libinput"
[   732.928] (II) systemd-logind: releasing fd for 13:64
[   732.988] (II) UnloadModule: "libinput"
[   732.988] (II) systemd-logind: releasing fd for 13:65
[   733.049] (II) UnloadModule: "libinput"
[   733.049] (II) systemd-logind: releasing fd for 13:66
[   733.122] (WW) xf86CloseConsole: KDSETMODE failed: Input/output error
[   733.122] (WW) xf86CloseConsole: VT_GETMODE failed: Input/output error
[   733.122] (WW) xf86CloseConsole: VT_ACTIVATE failed: Input/output error
[   733.127] (II) Server terminated successfully (0). Closing log file.
