2020-08-20 10:15:51,836 ================================================================================
2020-08-20 10:15:51,837 displaycal 3.8.9.3 2019-12-14T12:16:22.165507Z
2020-08-20 10:15:51,839    x86_64
2020-08-20 10:15:51,840 Python 2.7.18 (default, Apr 23 2020, 22:32:06) 
2020-08-20 10:15:51,840 [GCC 9.3.0]
2020-08-20 10:15:51,840 ImportError: No module named faulthandler
2020-08-20 10:15:51,897 /usr/lib64/python2.7/site-packages/wx-3.0-gtk3/wx/_core.py:16629: UserWarning: wxPython/wxWidgets release number mismatch
2020-08-20 10:15:51,938 wxPython 3.0.2.0 gtk3 (classic)
2020-08-20 10:15:51,938 Encoding: UTF-8
2020-08-20 10:15:51,938 File system encoding: UTF-8
2020-08-20 10:15:51,939 Lockfile /home/hisham/.config/DisplayCAL/DisplayCAL.lock
2020-08-20 10:15:52,141 Comenzando...
2020-08-20 10:15:52,298 SDL2: libSDL2-2.0.so.0
2020-08-20 10:15:52,299 Audio module: wx 3.0.2.0
2020-08-20 10:15:53,415 Enumeranado pantallas y puertos de comunicación...
2020-08-20 10:15:53,415 /usr/bin
2020-08-20 10:15:55,770 ArgyllCMS 2.1.2
2020-08-20 10:15:55,805 Argyll has virtual display support
2020-08-20 10:15:55,805 ...hecho.
2020-08-20 10:15:55,812 Chequeando acceso calibración para la pantalla 1...
2020-08-20 10:15:55,855 Dispwin: Warning - new_dispwin: Expected VideoLUT depth 8 doesn't match actual 10
2020-08-20 10:15:55,909 VideoLUT has 1024 entries, interpolating to 256
2020-08-20 10:15:56,038 Dispwin: Warning - new_dispwin: Expected VideoLUT depth 8 doesn't match actual 10
2020-08-20 10:15:56,073 Dispwin: Warning - new_dispwin: Expected VideoLUT depth 8 doesn't match actual 10
2020-08-20 10:15:56,073 Verify: 'test.cal' IS loaded (discrepancy 0.0%)
2020-08-20 10:15:56,156 Dispwin: Warning - new_dispwin: Expected VideoLUT depth 8 doesn't match actual 10
2020-08-20 10:15:56,157 ...hecho.
2020-08-20 10:15:56,158 Inicializando GUI...
2020-08-20 10:15:56,287 
2020-08-20 10:15:56,587 ...hecho.
2020-08-20 10:15:56,588 Listo.
2020-08-20 10:15:56,632 Setting up scripting host at 127.0.0.1:15411
2020-08-20 10:15:56,705 Comprobar actualizacion de la aplicacion...
2020-08-20 10:15:59,973 DisplayCAL esta actualizada.
2020-08-20 10:16:00,641 ArgyllCMS esta actualizada.
2020-08-20 10:16:54,061 Executing BaseApp.OnExit()
2020-08-20 10:16:54,061 Running application exit handlers
2020-08-20 10:16:54,062 Waiting for thread ScriptingHost.ConnectionHandler to exit
2020-08-20 10:16:54,138 ScriptingHost.ConnectionHandler exited
2020-08-20 10:16:54,139 Exiting displaycal
2020-08-20 10:16:54,139 Ran application exit handlers
