[ 08/23/2020 14:41:51.407 parse_config_libconfig WARN ] Option `menu-opacity` is deprecated, and will be removed.Please use the wintype option `opacity` of `popup_menu` and `dropdown_menu` instead.
[ 08/23/2020 14:41:51.407 parse_config_libconfig WARN ] vsync option will take a boolean from now on. "opengl" is interpreted as "true" for compatibility, but this will stop working soon
** Message: 14:41:51.411: main.vala:102: Session is (null)
** Message: 14:41:51.412: main.vala:103: DE is (null)
** Message: 14:41:51.412: main.vala:107: No session set, fallback to LXDE session
** Message: 14:41:51.412: main.vala:113: No desktop environnement set, fallback to LXDE

(lxsession:795): Gtk-WARNING **: 14:41:51.448: Unable to locate theme engine in module_path: "murrine",

(nitrogen:788): Gtk-WARNING **: 14:41:51.451: Unable to locate theme engine in module_path: "murrine",
** Message: 14:41:51.461: main.vala:134: log directory: /home/hisham/.cache/lxsession/LXDE
** Message: 14:41:51.461: main.vala:135: log path: /home/hisham/.cache/lxsession/LXDE/run.log

(nitrogen:788): Gtk-WARNING **: 14:41:51.600: Unable to locate theme engine in module_path: "murrine",
/home/hisham/.cache/dmenu_run: No such file or directory
/home/hisham/.local/bin/brightness.sh: line 28: xbacklight: command not found
/home/hisham/.local/bin/brightness.sh: line 12: xbacklight: command not found
Malformed hint. Expected "type:name:value", got "int"WARNING: Unable to parse markup: Unknown tag 'a' on line 1 char 12

(soffice:4587): Gtk-WARNING **: 14:47:25.762: Negative content width -12 (allocation 1, extents 6x7) while allocating gadget (node button, owner GtkButton)

(soffice:4587): Gtk-WARNING **: 14:47:25.781: Negative content width -12 (allocation 1, extents 6x7) while allocating gadget (node button, owner GtkButton)

(soffice:4587): Gtk-WARNING **: 14:47:25.799: Negative content width -12 (allocation 1, extents 6x7) while allocating gadget (node button, owner GtkButton)

(soffice:4587): Gtk-WARNING **: 14:47:25.818: Negative content width -12 (allocation 1, extents 6x7) while allocating gadget (node button, owner GtkButton)

(soffice:4587): Gtk-WARNING **: 14:47:25.836: Negative content width -12 (allocation 1, extents 6x7) while allocating gadget (node button, owner GtkButton)

(soffice:4587): Gtk-WARNING **: 14:47:25.852: Negative content width -12 (allocation 1, extents 6x7) while allocating gadget (node button, owner GtkButton)
[ 08/23/2020 14:49:10.264 glx_bind_pixmap ERROR ] Failed to query info of pixmap 0x006012db.
[ 08/23/2020 14:49:10.264 paint_one ERROR ] Failed to bind texture for window 0x0221cf1a.
[ 08/23/2020 14:49:10.265 paint_one ERROR ] Window 0x0221cf1a is missing painting data.

###!!! [Child][MessageChannel::SendAndWait] Error: Channel error: cannot send/recv


###!!! [Child][RunMessage] Error: Channel closing: too late to send/recv, messages will be lost


###!!! [Child][RunMessage] Error: Channel closing: too late to send/recv, messages will be lost


###!!! [Child][MessageChannel::SendAndWait] Error: Channel error: cannot send/recv


###!!! [Child][MessageChannel] Error: (msgtype=0x5B000C,name=PHttpChannel::Msg_RemoveCorsPreflightCacheEntry) Channel closing: too late to send/recv, messages will be lost


###!!! [Child][MessageChannel] Error: (msgtype=0x5B000D,name=PHttpChannel::Msg_DeletingChannel) Channel closing: too late to send/recv, messages will be lost


###!!! [Child][RunMessage] Error: Channel closing: too late to send/recv, messages will be lost


###!!! [Child][RunMessage] Error: Channel closing: too late to send/recv, messages will be lost


###!!! [Child][MessageChannel] Error: (msgtype=0x5B000D,name=PHttpChannel::Msg_DeletingChannel) Channel closing: too late to send/recv, messages will be lost


###!!! [Child][MessageChannel] Error: (msgtype=0x5B000D,name=PHttpChannel::Msg_DeletingChannel) Channel closing: too late to send/recv, messages will be lost


###!!! [Child][MessageChannel::SendAndWait] Error: Channel error: cannot send/recv

WARNING: Unable to parse markup: Unknown tag 'a' on line 1 char 12
WARNING: Unable to parse markup: Unknown tag 'a' on line 1 char 12
