(I) 2020-07-13T17:00:55 - UPnP/NAT-PMP: Port mapping successful, message: successfully mapped port using UPnP. external port: UDP/26825
(I) 2020-07-13T17:00:55 - UPnP/NAT-PMP: Port mapping successful, message: successfully mapped port using UPnP. external port: TCP/44149
(I) 2020-07-13T17:00:55 - UPnP/NAT-PMP: Port mapping successful, message: successfully mapped port using UPnP. external port: UDP/42519
(N) 2020-07-13T17:10:23 - 'GirlsTryAnal.15.09.17.Keisha.Grey.And.Tasha.Reign.XXX.1080p.MP4-KTR[rarbg]' was removed from the transfer list and hard disk.
(N) 2020-07-17T14:26:22 - qBittorrent v4.2.5 started
(N) 2020-07-17T14:26:22 - Using config directory: /home/hisham/.config/qBittorrent/
(I) 2020-07-17T14:26:23 - Trying to listen on: 0.0.0.0:26825,[::]:26825
(N) 2020-07-17T14:26:23 - Peer ID: -qB4250-
(N) 2020-07-17T14:26:23 - HTTP User-Agent is 'qBittorrent/4.2.5'
(I) 2020-07-17T14:26:23 - DHT support [ON]
(I) 2020-07-17T14:26:23 - Local Peer Discovery support [ON]
(I) 2020-07-17T14:26:23 - PeX support [ON]
(I) 2020-07-17T14:26:23 - Anonymous mode [OFF]
(I) 2020-07-17T14:26:23 - Encryption support [ON]
(I) 2020-07-17T14:26:23 - UPnP / NAT-PMP support [ON]
(I) 2020-07-17T14:26:23 - IP geolocation database loaded. Type: DBIP-Country-Lite. Build time: Tue Jun 30 20:57:33 2020.
(N) 2020-07-17T14:26:23 - Options were saved successfully.
(I) 2020-07-17T14:26:23 - Successfully listening on IP: 127.0.0.1, port: TCP/26825
(I) 2020-07-17T14:26:23 - Successfully listening on IP: 127.0.0.1, port: UDP/26825
(I) 2020-07-17T14:26:23 - Successfully listening on IP: 192.168.0.100, port: TCP/26825
(I) 2020-07-17T14:26:23 - Successfully listening on IP: 192.168.0.100, port: UDP/26825
(I) 2020-07-17T14:26:23 - Successfully listening on IP: 10.8.3.28, port: TCP/26825
(I) 2020-07-17T14:26:23 - Successfully listening on IP: 10.8.3.28, port: UDP/26825
(N) 2020-07-17T14:26:26 - 'HeavyOnHotties.20.07.17.Angel.Wicky.Another.Anal.Round.XXX.1080p.MP4-KTR' added to download list.
(I) 2020-07-17T14:26:28 - Detected external IP: 172.107.208.180
(N) 2020-07-17T14:26:37 - qBittorrent v4.2.5 started
(N) 2020-07-17T14:26:37 - Using config directory: /home/hisham/.config/qBittorrent/
(N) 2020-07-17T14:26:39 - 'FallInLovia.20.07.11.Custom.Video.XXX.1080p.MP4-KTR' added to download list.
(N) 2020-07-17T14:26:40 - Successfully moved torrent: HeavyOnHotties.20.07.17.Angel.Wicky.Another.Anal.Round.XXX.1080p.MP4-KTR[rarbg]. New path: /media/DATA
(N) 2020-07-17T14:26:44 - Successfully moved torrent: FallInLovia.20.07.11.Custom.Video.XXX.1080p.MP4-KTR[rarbg]. New path: /media/DATA
(C) 2020-07-17T14:28:59 - UPnP/NAT-PMP: Port mapping failure, message: could not map port using UPnP: no router found
(C) 2020-07-17T14:28:59 - UPnP/NAT-PMP: Port mapping failure, message: could not map port using UPnP: no router found
(N) 2020-07-17T14:30:01 - qBittorrent v4.2.5 started
(N) 2020-07-17T14:30:01 - Using config directory: /home/hisham/.config/qBittorrent/
(N) 2020-07-17T14:30:06 - 'FTVGirls.20.07.17.Aria.Busty.Girl.Next.Door.XXX.1080p.MP4-KTR' added to download list.
(N) 2020-07-17T14:30:14 - Successfully moved torrent: FTVGirls.20.07.17.Aria.Busty.Girl.Next.Door.XXX.1080p.MP4-KTR[rarbg]. New path: /media/DATA
(N) 2020-07-17T14:36:39 - qBittorrent v4.2.5 started
(N) 2020-07-17T14:36:39 - Using config directory: /home/hisham/.config/qBittorrent/
(N) 2020-07-17T14:37:59 - Download first and last piece first: Off, torrent: 'WhenGirlsPlay.20.07.15.Abella.Danger.And.Whitney.Wright.Girl.Crush.XXX.1080p.MP4-KTR[rarbg]'
(N) 2020-07-17T14:37:59 - 'WhenGirlsPlay.20.07.15.Abella.Danger.And.Whitney.Wright.Girl.Crush.XXX.1080p.MP4-KTR[rarbg]' added to download list.
(N) 2020-07-17T14:40:29 - qBittorrent v4.2.5 started
(N) 2020-07-17T14:40:29 - Using config directory: /home/hisham/.config/qBittorrent/
(N) 2020-07-17T14:40:31 - 'HotAndMean.20.07.14.Nicolette.Shea.And.Scarlett.Sage.Its.Not.All.About.Beauty.XXX.1080p.MP4-KTR' added to download list.
(N) 2020-07-17T14:40:38 - Successfully moved torrent: HotAndMean.20.07.14.Nicolette.Shea.And.Scarlett.Sage.Its.Not.All.About.Beauty.XXX.1080p.MP4-KTR[rarbg]. New path: /media/DATA
(N) 2020-07-17T15:33:19 - 'FallInLovia.20.07.11.Custom.Video.XXX.1080p.MP4-KTR[rarbg]' was removed from the transfer list and hard disk.
(N) 2020-07-17T16:09:27 - qBittorrent v4.2.5 started
(N) 2020-07-17T16:09:27 - Using config directory: /home/hisham/.config/qBittorrent/
(N) 2020-07-17T16:10:16 - Download first and last piece first: Off, torrent: 'Dark.S02.GERMAN.1080p.NF.WEBRip.DDP5.1.x264-MZABI[rartv]'
(N) 2020-07-17T16:10:16 - 'Dark.S02.GERMAN.1080p.NF.WEBRip.DDP5.1.x264-MZABI[rartv]' added to download list.
(N) 2020-07-17T16:22:14 - qBittorrent v4.2.5 started
(N) 2020-07-17T16:22:14 - Using config directory: /home/hisham/.config/qBittorrent/
(N) 2020-07-17T16:31:11 - 'HeavyOnHotties.20.07.17.Angel.Wicky.Another.Anal.Round.XXX.1080p.MP4-KTR[rarbg]' was removed from the transfer list and hard disk.
(N) 2020-07-17T16:40:33 - Using built-in Web UI.
(N) 2020-07-17T16:40:33 - Web UI translation for selected locale (en) has been successfully loaded.
(N) 2020-07-17T16:40:33 - Web UI: Now listening on IP: 192.168.0.100, port: 8080
(N) 2020-07-17T16:40:33 - Options were saved successfully.
(N) 2020-07-17T16:54:02 - qBittorrent v4.2.5 started
(N) 2020-07-17T16:54:02 - Using config directory: /home/hisham/.config/qBittorrent/
(N) 2020-07-17T17:07:20 - qBittorrent v4.2.5 started
(N) 2020-07-17T17:07:20 - Using config directory: /home/hisham/.config/qBittorrent/
(N) 2020-07-17T17:08:38 - Download first and last piece first: Off, torrent: 'www.SceneTime.com - DARK.S01E01.Secrets.1080p.NF.WEBRip.DD5.1.x264-NTb'
(N) 2020-07-17T17:08:38 - 'www.SceneTime.com - DARK.S01E01.Secrets.1080p.NF.WEBRip.DD5.1.x264-NTb' added to download list.
(N) 2020-07-17T17:10:34 - qBittorrent v4.2.5 started
(N) 2020-07-17T17:10:34 - Using config directory: /home/hisham/.config/qBittorrent/
(N) 2020-07-17T17:10:58 - Download first and last piece first: Off, torrent: 'www.SceneTime.com - Dark.S01E02.iNTERNAL.1080p.WEB.x264-STRiFE'
(N) 2020-07-17T17:10:58 - 'www.SceneTime.com - Dark.S01E02.iNTERNAL.1080p.WEB.x264-STRiFE' added to download list.
(N) 2020-07-17T17:11:30 - qBittorrent v4.2.5 started
(N) 2020-07-17T17:11:30 - Using config directory: /home/hisham/.config/qBittorrent/
(N) 2020-07-17T17:13:23 - qBittorrent v4.2.5 started
(N) 2020-07-17T17:13:23 - Using config directory: /home/hisham/.config/qBittorrent/
(N) 2020-07-17T17:13:42 - 'Dark S01E03 iNTERNAL MULTi 1080p WEB x264-N3TFL1X' added to download list.
(N) 2020-07-17T17:14:19 - Successfully moved torrent: www.Torrenting.org - Dark S01E03 iNTERNAL MULTi 1080p WEB x264-N3TFL1X. New path: /media/DATA
(N) 2020-07-17T17:14:29 - qBittorrent v4.2.5 started
(N) 2020-07-17T17:14:29 - Using config directory: /home/hisham/.config/qBittorrent/
(N) 2020-07-17T17:14:42 - Download first and last piece first: Off, torrent: 'www.Torrenting.org - Dark S01E04 iNTERNAL MULTi 1080p WEB x264-N3TFL1X'
(N) 2020-07-17T17:14:42 - 'www.Torrenting.org - Dark S01E04 iNTERNAL MULTi 1080p WEB x264-N3TFL1X' added to download list.
(N) 2020-07-17T17:15:06 - qBittorrent v4.2.5 started
(N) 2020-07-17T17:15:06 - Using config directory: /home/hisham/.config/qBittorrent/
(N) 2020-07-17T17:15:16 - Download first and last piece first: Off, torrent: 'www.Torrenting.org - Dark S01E05 iNTERNAL MULTi 1080p WEB x264-N3TFL1X'
(N) 2020-07-17T17:15:16 - 'www.Torrenting.org - Dark S01E05 iNTERNAL MULTi 1080p WEB x264-N3TFL1X' added to download list.
(N) 2020-07-17T17:15:37 - qBittorrent v4.2.5 started
(N) 2020-07-17T17:15:37 - Using config directory: /home/hisham/.config/qBittorrent/
(N) 2020-07-17T17:16:01 - Download first and last piece first: Off, torrent: 'www.SceneTime.com - Dark.S01E06.iNTERNAL.1080p.WEB.x264-STRiFE'
(N) 2020-07-17T17:16:01 - 'www.SceneTime.com - Dark.S01E06.iNTERNAL.1080p.WEB.x264-STRiFE' added to download list.
(N) 2020-07-17T17:16:20 - qBittorrent v4.2.5 started
(N) 2020-07-17T17:16:20 - Using config directory: /home/hisham/.config/qBittorrent/
(N) 2020-07-17T17:16:30 - Download first and last piece first: Off, torrent: 'www.Torrenting.org - Dark S01E07 iNTERNAL MULTi 1080p WEB x264-N3TFL1X'
(N) 2020-07-17T17:16:30 - 'www.Torrenting.org - Dark S01E07 iNTERNAL MULTi 1080p WEB x264-N3TFL1X' added to download list.
(N) 2020-07-17T17:16:46 - qBittorrent v4.2.5 started
(N) 2020-07-17T17:16:46 - Using config directory: /home/hisham/.config/qBittorrent/
(N) 2020-07-17T17:17:02 - Download first and last piece first: Off, torrent: 'www.SceneTime.com - Dark.S01E08.iNTERNAL.1080p.WEB.x264-STRiFE'
(N) 2020-07-17T17:17:02 - 'www.SceneTime.com - Dark.S01E08.iNTERNAL.1080p.WEB.x264-STRiFE' added to download list.
(N) 2020-07-17T17:17:21 - qBittorrent v4.2.5 started
(N) 2020-07-17T17:17:21 - Using config directory: /home/hisham/.config/qBittorrent/
(N) 2020-07-17T17:17:31 - Download first and last piece first: Off, torrent: 'www.Torrenting.org - Dark S01E09 iNTERNAL MULTi 1080p WEB x264-N3TFL1X'
(N) 2020-07-17T17:17:31 - 'www.Torrenting.org - Dark S01E09 iNTERNAL MULTi 1080p WEB x264-N3TFL1X' added to download list.
(N) 2020-07-17T17:17:50 - qBittorrent v4.2.5 started
(N) 2020-07-17T17:17:50 - Using config directory: /home/hisham/.config/qBittorrent/
(N) 2020-07-17T17:18:05 - Download first and last piece first: Off, torrent: 'www.SceneTime.com - Dark.S01E10.iNTERNAL.1080p.WEB.x264-STRiFE'
(N) 2020-07-17T17:18:05 - 'www.SceneTime.com - Dark.S01E10.iNTERNAL.1080p.WEB.x264-STRiFE' added to download list.
(N) 2020-07-17T17:22:04 - qBittorrent v4.2.5 started
(N) 2020-07-17T17:22:04 - Using config directory: /home/hisham/.config/qBittorrent/
(N) 2020-07-17T17:22:27 - Download first and last piece first: Off, torrent: 'Dark.S03.GERMAN.1080p.NF.WEBRip.DDP5.1.x264-GHOSTS[rartv]'
(N) 2020-07-17T17:22:27 - 'Dark.S03.GERMAN.1080p.NF.WEBRip.DDP5.1.x264-GHOSTS[rartv]' added to download list.
(N) 2020-07-17T17:45:33 - 'WhenGirlsPlay.20.07.15.Abella.Danger.And.Whitney.Wright.Girl.Crush.XXX.1080p.MP4-KTR[rarbg]' was removed from the transfer list and hard disk.
(W) 2020-07-17T17:56:06 - File error alert. Torrent: "HotAndMean.20.07.14.Nicolette.Shea.And.Scarlett.Sage.Its.Not.All.About.Beauty.XXX.1080p.MP4-KTR[rarbg]". File: "/media/DATA/HotAndMean.20.07.14.Nicolette.Shea.And.Scarlett.Sage.Its.Not.All.About.Beauty.XXX.1080p.MP4-KTR[rarbg]/ham.20.07.14.nicolette.shea.and.scarlett.sage.its.not.all.about.beauty.mp4". Reason: HotAndMean.20.07.14.Nicolette.Shea.And.Scarlett.Sage.Its.Not.All.About.Beauty.XXX.1080p.MP4-KTR[rarbg] file_open (/media/DATA/HotAndMean.20.07.14.Nicolette.Shea.And.Scarlett.Sage.Its.Not.All.About.Beauty.XXX.1080p.MP4-KTR[rarbg]/ham.20.07.14.nicolette.shea.and.scarlett.sage.its.not.all.about.beauty.mp4) error: No such file or directory
(N) 2020-07-17T20:29:21 - 'HotAndMean.20.07.14.Nicolette.Shea.And.Scarlett.Sage.Its.Not.All.About.Beauty.XXX.1080p.MP4-KTR[rarbg]' was removed from the transfer list and hard disk.
(N) 2020-07-17T20:29:21 - 'FTVGirls.20.07.17.Aria.Busty.Girl.Next.Door.XXX.1080p.MP4-KTR[rarbg]' was removed from the transfer list and hard disk.
(I) 2020-07-18T03:11:22 - Successfully listening on IP: 10.8.0.17, port: TCP/26825
(I) 2020-07-18T03:11:22 - Successfully listening on IP: 10.8.0.17, port: UDP/26825
(I) 2020-07-18T03:13:14 - Detected external IP: 172.107.208.180
(N) 2020-07-18T08:22:27 - 'www.SceneTime.com - Dark.S01E06.iNTERNAL.1080p.WEB.x264-STRiFE' was removed from the transfer list and hard disk.
(N) 2020-07-18T08:22:27 - 'www.Torrenting.org - Dark S01E04 iNTERNAL MULTi 1080p WEB x264-N3TFL1X' was removed from the transfer list and hard disk.
(N) 2020-07-18T08:22:27 - 'www.SceneTime.com - Dark.S01E08.iNTERNAL.1080p.WEB.x264-STRiFE' was removed from the transfer list and hard disk.
(N) 2020-07-18T08:22:27 - 'www.Torrenting.org - Dark S01E07 iNTERNAL MULTi 1080p WEB x264-N3TFL1X' was removed from the transfer list and hard disk.
(N) 2020-07-18T08:22:27 - 'www.Torrenting.org - Dark S01E05 iNTERNAL MULTi 1080p WEB x264-N3TFL1X' was removed from the transfer list and hard disk.
(N) 2020-07-18T08:22:27 - 'www.Torrenting.org - Dark S01E09 iNTERNAL MULTi 1080p WEB x264-N3TFL1X' was removed from the transfer list and hard disk.
(N) 2020-07-18T08:22:27 - 'www.SceneTime.com - Dark.S01E02.iNTERNAL.1080p.WEB.x264-STRiFE' was removed from the transfer list and hard disk.
(N) 2020-07-18T08:22:27 - 'www.SceneTime.com - DARK.S01E01.Secrets.1080p.NF.WEBRip.DD5.1.x264-NTb' was removed from the transfer list and hard disk.
(N) 2020-07-18T08:22:28 - 'Dark.S02.GERMAN.1080p.NF.WEBRip.DDP5.1.x264-MZABI[rartv]' was removed from the transfer list and hard disk.
(N) 2020-07-18T08:29:22 - qBittorrent v4.2.5 started
(N) 2020-07-18T08:29:22 - Using config directory: /home/hisham/.config/qBittorrent/
(N) 2020-07-18T08:30:27 - qBittorrent v4.2.5 started
(N) 2020-07-18T08:30:27 - Using config directory: /home/hisham/.config/qBittorrent/
(N) 2020-07-18T08:30:41 - Download first and last piece first: Off, torrent: 'DARK.S01.1080p.NF.WEB.DDP5.1.x264-NTb[rartv]'
(N) 2020-07-18T08:30:41 - 'DARK.S01.1080p.NF.WEB.DDP5.1.x264-NTb[rartv]' added to download list.
(N) 2020-07-18T08:30:55 - 'www.Torrenting.org - Dark S01E03 iNTERNAL MULTi 1080p WEB x264-N3TFL1X' was removed from the transfer list and hard disk.
(N) 2020-07-18T08:30:55 - 'www.SceneTime.com - Dark.S01E10.iNTERNAL.1080p.WEB.x264-STRiFE' was removed from the transfer list and hard disk.
(N) 2020-07-18T08:41:53 - 'DARK.S01.1080p.NF.WEB.DDP5.1.x264-NTb[rartv]' was removed from the transfer list and hard disk.
(N) 2020-07-18T08:42:11 - qBittorrent v4.2.5 started
(N) 2020-07-18T08:42:11 - Using config directory: /home/hisham/.config/qBittorrent/
(N) 2020-07-18T08:48:12 - qBittorrent v4.2.5 started
(N) 2020-07-18T08:48:12 - Using config directory: /home/hisham/.config/qBittorrent/
(I) 2020-07-18T08:48:28 - Successfully listening on IP: 10.8.0.17, port: TCP/26825
(I) 2020-07-18T08:48:28 - Successfully listening on IP: 10.8.0.17, port: UDP/26825
(I) 2020-07-18T08:48:28 - Successfully listening on IP: ::1, port: TCP/26825
(I) 2020-07-18T08:48:28 - Successfully listening on IP: ::1, port: UDP/26825
(I) 2020-07-18T08:48:28 - Successfully listening on IP: fe80::28a8:9741:2b76:2bc8%tun0, port: TCP/26825
(I) 2020-07-18T08:48:28 - Successfully listening on IP: fe80::28a8:9741:2b76:2bc8%tun0, port: UDP/26825
(N) 2020-07-18T08:48:32 - qBittorrent v4.2.5 started
(N) 2020-07-18T08:48:32 - Using config directory: /home/hisham/.config/qBittorrent/
(I) 2020-07-18T08:48:33 - Detected external IP: 190.48.86.120
(N) 2020-07-18T08:48:49 - qBittorrent v4.2.5 started
(N) 2020-07-18T08:48:49 - Using config directory: /home/hisham/.config/qBittorrent/
(I) 2020-07-18T08:48:49 - Trying to listen on: 0.0.0.0:26825,[::]:26825
(N) 2020-07-18T08:48:49 - Peer ID: -qB4250-
(N) 2020-07-18T08:48:49 - HTTP User-Agent is 'qBittorrent/4.2.5'
(I) 2020-07-18T08:48:49 - DHT support [ON]
(I) 2020-07-18T08:48:49 - Local Peer Discovery support [ON]
(I) 2020-07-18T08:48:49 - PeX support [ON]
(I) 2020-07-18T08:48:49 - Anonymous mode [OFF]
(I) 2020-07-18T08:48:49 - Encryption support [ON]
(I) 2020-07-18T08:48:49 - UPnP / NAT-PMP support [ON]
(I) 2020-07-18T08:48:49 - IP geolocation database loaded. Type: DBIP-Country-Lite. Build time: Tue Jun 30 20:57:33 2020.
(N) 2020-07-18T08:48:49 - Using built-in Web UI.
(N) 2020-07-18T08:48:49 - Web UI translation for selected locale (en) has been successfully loaded.
(N) 2020-07-18T08:48:49 - Web UI: Now listening on IP: 192.168.0.100, port: 8080
(N) 2020-07-18T08:48:49 - Options were saved successfully.
(I) 2020-07-18T08:48:49 - Successfully listening on IP: 127.0.0.1, port: TCP/26825
(I) 2020-07-18T08:48:49 - Successfully listening on IP: 127.0.0.1, port: UDP/26825
(I) 2020-07-18T08:48:49 - Successfully listening on IP: 192.168.0.100, port: TCP/26825
(I) 2020-07-18T08:48:49 - Successfully listening on IP: 192.168.0.100, port: UDP/26825
(I) 2020-07-18T08:48:49 - Successfully listening on IP: ::1, port: TCP/26825
(I) 2020-07-18T08:48:49 - Successfully listening on IP: ::1, port: UDP/26825
(I) 2020-07-18T08:48:49 - UPnP/NAT-PMP: Port mapping successful, message: successfully mapped port using UPnP. external port: TCP/26825
(I) 2020-07-18T08:48:49 - UPnP/NAT-PMP: Port mapping successful, message: successfully mapped port using UPnP. external port: UDP/26825
(N) 2020-07-18T08:48:49 - 'Dark.S03.GERMAN.1080p.NF.WEBRip.DDP5.1.x264-GHOSTS[rartv]' restored.
(I) 2020-07-18T08:48:50 - Detected external IP: 190.48.86.120
(N) 2020-07-18T08:49:13 - qBittorrent v4.2.5 started
(N) 2020-07-18T08:49:13 - Using config directory: /home/hisham/.config/qBittorrent/
(N) 2020-07-18T08:49:29 - Download first and last piece first: Off, torrent: 'DARK.S01.1080p.NF.WEB.DDP5.1.x264-NTb[rartv]'
(N) 2020-07-18T08:49:29 - 'DARK.S01.1080p.NF.WEB.DDP5.1.x264-NTb[rartv]' added to download list.
(I) 2020-07-18T08:49:52 - Successfully listening on IP: 10.8.2.13, port: TCP/26825
(I) 2020-07-18T08:49:52 - Successfully listening on IP: 10.8.2.13, port: UDP/26825
(I) 2020-07-18T08:50:06 - Detected external IP: 192.154.198.14
(I) 2020-07-18T08:54:30 - Successfully listening on IP: 10.8.2.13, port: TCP/26825
(I) 2020-07-18T08:54:30 - Successfully listening on IP: 10.8.2.13, port: UDP/26825
(I) 2020-07-18T08:54:33 - Detected external IP: 192.154.198.14
(C) 2020-07-18T08:57:06 - UPnP/NAT-PMP: Port mapping failure, message: could not map port using UPnP: no router found
(C) 2020-07-18T08:57:06 - UPnP/NAT-PMP: Port mapping failure, message: could not map port using UPnP: no router found
(I) 2020-07-18T09:33:49 - UPnP/NAT-PMP: Port mapping successful, message: successfully mapped port using UPnP. external port: TCP/26825
(I) 2020-07-18T09:33:49 - UPnP/NAT-PMP: Port mapping successful, message: successfully mapped port using UPnP. external port: UDP/26825
(I) 2020-07-18T10:18:49 - UPnP/NAT-PMP: Port mapping successful, message: successfully mapped port using UPnP. external port: TCP/26825
(I) 2020-07-18T10:18:49 - UPnP/NAT-PMP: Port mapping successful, message: successfully mapped port using UPnP. external port: UDP/26825
(I) 2020-07-18T11:03:49 - UPnP/NAT-PMP: Port mapping successful, message: successfully mapped port using UPnP. external port: TCP/26825
(I) 2020-07-18T11:03:49 - UPnP/NAT-PMP: Port mapping successful, message: successfully mapped port using UPnP. external port: UDP/26825
(I) 2020-07-18T11:48:49 - UPnP/NAT-PMP: Port mapping successful, message: successfully mapped port using UPnP. external port: TCP/26825
(I) 2020-07-18T11:48:49 - UPnP/NAT-PMP: Port mapping successful, message: successfully mapped port using UPnP. external port: UDP/26825
(I) 2020-07-18T12:33:49 - UPnP/NAT-PMP: Port mapping successful, message: successfully mapped port using UPnP. external port: TCP/26825
(I) 2020-07-18T12:33:49 - UPnP/NAT-PMP: Port mapping successful, message: successfully mapped port using UPnP. external port: UDP/26825
(I) 2020-07-18T13:18:49 - UPnP/NAT-PMP: Port mapping successful, message: successfully mapped port using UPnP. external port: TCP/26825
(I) 2020-07-18T13:18:49 - UPnP/NAT-PMP: Port mapping successful, message: successfully mapped port using UPnP. external port: UDP/26825
(I) 2020-07-18T14:03:49 - UPnP/NAT-PMP: Port mapping successful, message: successfully mapped port using UPnP. external port: TCP/26825
(I) 2020-07-18T14:48:49 - UPnP/NAT-PMP: Port mapping successful, message: successfully mapped port using UPnP. external port: TCP/26825
(I) 2020-07-18T14:48:50 - UPnP/NAT-PMP: Port mapping successful, message: successfully mapped port using UPnP. external port: UDP/26825
(I) 2020-07-18T15:33:50 - UPnP/NAT-PMP: Port mapping successful, message: successfully mapped port using UPnP. external port: TCP/26825
(I) 2020-07-18T15:33:50 - UPnP/NAT-PMP: Port mapping successful, message: successfully mapped port using UPnP. external port: UDP/26825
(I) 2020-07-18T16:18:50 - UPnP/NAT-PMP: Port mapping successful, message: successfully mapped port using UPnP. external port: TCP/26825
(I) 2020-07-18T16:18:50 - UPnP/NAT-PMP: Port mapping successful, message: successfully mapped port using UPnP. external port: UDP/26825
(I) 2020-07-18T16:51:06 - Successfully listening on IP: ::1, port: TCP/26825
(I) 2020-07-18T16:51:06 - Successfully listening on IP: ::1, port: UDP/26825
(I) 2020-07-18T16:51:06 - Successfully listening on IP: fe80::edee:5a5a:c434:ffea%tun0, port: TCP/26825
(I) 2020-07-18T16:51:06 - Successfully listening on IP: fe80::edee:5a5a:c434:ffea%tun0, port: UDP/26825
(C) 2020-07-18T16:51:07 - Failed to listen on IP: fe80::edee:5a5a:c434:ffea%7, port: TCP/26825. Reason: No such device
(I) 2020-07-18T17:03:50 - UPnP/NAT-PMP: Port mapping successful, message: successfully mapped port using UPnP. external port: TCP/26825
(I) 2020-07-18T17:03:50 - UPnP/NAT-PMP: Port mapping successful, message: successfully mapped port using UPnP. external port: UDP/26825
(N) 2020-07-18T17:10:55 - 'DARK.S01.1080p.NF.WEB.DDP5.1.x264-NTb[rartv]' was removed from the transfer list and hard disk.
(N) 2020-07-18T17:10:55 - 'Dark.S03.GERMAN.1080p.NF.WEBRip.DDP5.1.x264-GHOSTS[rartv]' was removed from the transfer list and hard disk.
(N) 2020-07-18T22:09:23 - qBittorrent v4.2.5 started
(N) 2020-07-18T22:09:23 - Using config directory: /home/hisham/.config/qBittorrent/
(I) 2020-07-18T22:09:23 - Trying to listen on: 0.0.0.0:26825,[::]:26825
(N) 2020-07-18T22:09:23 - Peer ID: -qB4250-
(N) 2020-07-18T22:09:23 - HTTP User-Agent is 'qBittorrent/4.2.5'
(I) 2020-07-18T22:09:23 - DHT support [ON]
(I) 2020-07-18T22:09:23 - Local Peer Discovery support [ON]
(I) 2020-07-18T22:09:23 - PeX support [ON]
(I) 2020-07-18T22:09:23 - Anonymous mode [OFF]
(I) 2020-07-18T22:09:23 - Encryption support [ON]
(I) 2020-07-18T22:09:23 - UPnP / NAT-PMP support [ON]
(I) 2020-07-18T22:09:23 - IP geolocation database loaded. Type: DBIP-Country-Lite. Build time: Tue Jun 30 20:57:33 2020.
(N) 2020-07-18T22:09:23 - Using built-in Web UI.
(N) 2020-07-18T22:09:23 - Web UI translation for selected locale (en) has been successfully loaded.
(N) 2020-07-18T22:09:23 - Web UI: Now listening on IP: 192.168.0.100, port: 8080
(N) 2020-07-18T22:09:23 - Options were saved successfully.
(I) 2020-07-18T22:09:23 - Successfully listening on IP: 127.0.0.1, port: TCP/26825
(I) 2020-07-18T22:09:23 - Successfully listening on IP: 127.0.0.1, port: UDP/26825
(I) 2020-07-18T22:09:23 - Successfully listening on IP: 192.168.0.100, port: TCP/26825
(I) 2020-07-18T22:09:23 - Successfully listening on IP: 192.168.0.100, port: UDP/26825
(I) 2020-07-18T22:09:23 - Successfully listening on IP: 10.8.2.17, port: TCP/26825
(I) 2020-07-18T22:09:23 - Successfully listening on IP: 10.8.2.17, port: UDP/26825
(I) 2020-07-18T22:09:29 - Detected external IP: 172.107.208.180
(N) 2020-07-18T22:09:57 - qBittorrent v4.2.5 started
(N) 2020-07-18T22:09:57 - Using config directory: /home/hisham/.config/qBittorrent/
(I) 2020-07-18T22:09:57 - Trying to listen on: 0.0.0.0:26825,[::]:26825
(N) 2020-07-18T22:09:57 - Peer ID: -qB4250-
(N) 2020-07-18T22:09:57 - HTTP User-Agent is 'qBittorrent/4.2.5'
(I) 2020-07-18T22:09:57 - DHT support [ON]
(I) 2020-07-18T22:09:57 - Local Peer Discovery support [ON]
(I) 2020-07-18T22:09:57 - PeX support [ON]
(I) 2020-07-18T22:09:57 - Anonymous mode [OFF]
(I) 2020-07-18T22:09:57 - Encryption support [ON]
(I) 2020-07-18T22:09:57 - UPnP / NAT-PMP support [ON]
(I) 2020-07-18T22:09:57 - IP geolocation database loaded. Type: DBIP-Country-Lite. Build time: Tue Jun 30 20:57:33 2020.
(N) 2020-07-18T22:09:57 - Using built-in Web UI.
(N) 2020-07-18T22:09:57 - Web UI translation for selected locale (en) has been successfully loaded.
(N) 2020-07-18T22:09:57 - Web UI: Now listening on IP: 192.168.0.100, port: 8080
(N) 2020-07-18T22:09:57 - Options were saved successfully.
(I) 2020-07-18T22:09:57 - Successfully listening on IP: 127.0.0.1, port: TCP/26825
(I) 2020-07-18T22:09:57 - Successfully listening on IP: 127.0.0.1, port: UDP/26825
(I) 2020-07-18T22:09:57 - Successfully listening on IP: 192.168.0.100, port: TCP/26825
(I) 2020-07-18T22:09:57 - Successfully listening on IP: 192.168.0.100, port: UDP/26825
(I) 2020-07-18T22:09:57 - Successfully listening on IP: ::1, port: TCP/26825
(I) 2020-07-18T22:09:57 - Successfully listening on IP: ::1, port: UDP/26825
(I) 2020-07-18T22:09:57 - UPnP/NAT-PMP: Port mapping successful, message: successfully mapped port using UPnP. external port: TCP/26825
(I) 2020-07-18T22:09:57 - UPnP/NAT-PMP: Port mapping successful, message: successfully mapped port using UPnP. external port: UDP/26825
(I) 2020-07-18T22:09:57 - Detected external IP: 190.48.86.120
(N) 2020-07-18T22:10:20 - Download first and last piece first: Off, torrent: 'Hans_Zimmer-Interstellar-OST-2014-C4'
(N) 2020-07-18T22:10:20 - 'Hans_Zimmer-Interstellar-OST-2014-C4' added to download list.
(N) 2020-07-18T22:10:38 - qBittorrent v4.2.5 started
(N) 2020-07-18T22:10:38 - Using config directory: /home/hisham/.config/qBittorrent/
(N) 2020-07-18T22:10:52 - Download first and last piece first: Off, torrent: 'Hans_Zimmer-The_Dark_Knight_Rises-OST-CD-FLAC-2012-FRAY[rbg]'
(N) 2020-07-18T22:10:52 - 'Hans_Zimmer-The_Dark_Knight_Rises-OST-CD-FLAC-2012-FRAY[rbg]' added to download list.
(N) 2020-07-26T21:04:22 - qBittorrent v4.2.5 started
(N) 2020-07-26T21:04:22 - Using config directory: /home/hisham/.config/qBittorrent/
(I) 2020-07-26T21:04:24 - Trying to listen on: 0.0.0.0:32671,[::]:32671
(N) 2020-07-26T21:04:24 - Peer ID: -qB4250-
(N) 2020-07-26T21:04:24 - HTTP User-Agent is 'qBittorrent/4.2.5'
(I) 2020-07-26T21:04:24 - DHT support [ON]
(I) 2020-07-26T21:04:24 - Local Peer Discovery support [ON]
(I) 2020-07-26T21:04:24 - PeX support [ON]
(I) 2020-07-26T21:04:24 - Anonymous mode [OFF]
(I) 2020-07-26T21:04:24 - Encryption support [ON]
(I) 2020-07-26T21:04:24 - UPnP / NAT-PMP support [ON]
(I) 2020-07-26T21:04:24 - IP geolocation database loaded. Type: DBIP-Country-Lite. Build time: Tue Jun 30 20:57:33 2020.
(N) 2020-07-26T21:04:24 - Options were saved successfully.
(I) 2020-07-26T21:04:24 - Successfully listening on IP: 127.0.0.1, port: TCP/32671
(I) 2020-07-26T21:04:24 - Successfully listening on IP: 127.0.0.1, port: UDP/32671
(I) 2020-07-26T21:04:24 - Successfully listening on IP: 192.168.0.100, port: TCP/32671
(I) 2020-07-26T21:04:24 - Successfully listening on IP: 192.168.0.100, port: UDP/32671
(I) 2020-07-26T21:04:24 - Successfully listening on IP: 10.8.0.3, port: TCP/32671
(I) 2020-07-26T21:04:24 - Successfully listening on IP: 10.8.0.3, port: UDP/32671
(N) 2020-07-26T21:04:24 - 'Hans_Zimmer-Interstellar-OST-2014-C4' restored.
(N) 2020-07-26T21:04:24 - 'Hans_Zimmer-The_Dark_Knight_Rises-OST-CD-FLAC-2012-FRAY[rbg]' restored.
(C) 2020-07-26T21:04:24 - File sizes mismatch for torrent 'Hans_Zimmer-The_Dark_Knight_Rises-OST-CD-FLAC-2012-FRAY[rbg]', pausing it.
(C) 2020-07-26T21:04:24 - File sizes mismatch for torrent 'Hans_Zimmer-Interstellar-OST-2014-C4', pausing it.
(I) 2020-07-26T21:04:28 - Detected external IP: 209.14.0.244
(N) 2020-07-26T21:04:52 - 'Hans_Zimmer-Interstellar-OST-2014-C4' was removed from the transfer list and hard disk.
(N) 2020-07-26T21:04:52 - 'Hans_Zimmer-The_Dark_Knight_Rises-OST-CD-FLAC-2012-FRAY[rbg]' was removed from the transfer list and hard disk.
(N) 2020-07-28T09:54:17 - qBittorrent v4.2.5 started
(N) 2020-07-28T09:54:17 - Using config directory: /home/hisham/.config/qBittorrent/
(I) 2020-07-28T09:54:17 - Trying to listen on: 0.0.0.0:32671,[::]:32671
(N) 2020-07-28T09:54:17 - Peer ID: -qB4250-
(N) 2020-07-28T09:54:17 - HTTP User-Agent is 'qBittorrent/4.2.5'
(I) 2020-07-28T09:54:17 - DHT support [ON]
(I) 2020-07-28T09:54:17 - Local Peer Discovery support [ON]
(I) 2020-07-28T09:54:17 - PeX support [ON]
(I) 2020-07-28T09:54:17 - Anonymous mode [OFF]
(I) 2020-07-28T09:54:17 - Encryption support [ON]
(I) 2020-07-28T09:54:17 - UPnP / NAT-PMP support [ON]
(I) 2020-07-28T09:54:17 - IP geolocation database loaded. Type: DBIP-Country-Lite. Build time: Tue Jun 30 20:57:33 2020.
(N) 2020-07-28T09:54:17 - Options were saved successfully.
(I) 2020-07-28T09:54:17 - Successfully listening on IP: 127.0.0.1, port: TCP/32671
(I) 2020-07-28T09:54:17 - Successfully listening on IP: 127.0.0.1, port: UDP/32671
(I) 2020-07-28T09:54:17 - Successfully listening on IP: 192.168.0.100, port: TCP/32671
(I) 2020-07-28T09:54:17 - Successfully listening on IP: 192.168.0.100, port: UDP/32671
(I) 2020-07-28T09:54:17 - Successfully listening on IP: ::1, port: TCP/32671
(I) 2020-07-28T09:54:17 - Successfully listening on IP: ::1, port: UDP/32671
(I) 2020-07-28T09:54:17 - UPnP/NAT-PMP: Port mapping successful, message: successfully mapped port using UPnP. external port: TCP/32671
(I) 2020-07-28T09:54:17 - UPnP/NAT-PMP: Port mapping successful, message: successfully mapped port using UPnP. external port: UDP/32671
(I) 2020-07-28T09:54:18 - Detected external IP: 190.48.122.28
(N) 2020-07-28T09:54:35 - Download first and last piece first: Off, torrent: 'Mindhunter.S01.1080p.NF.WEBRip.x265.10bit.HDR.DDP5.1-ExREN[rartv]'
(N) 2020-07-28T09:54:35 - 'Mindhunter.S01.1080p.NF.WEBRip.x265.10bit.HDR.DDP5.1-ExREN[rartv]' added to download list.
(N) 2020-07-28T09:55:34 - Set location: moving "Mindhunter.S01.1080p.NF.WEBRip.x265.10bit.HDR.DDP5.1-ExREN[rartv]", from "/home/hisham/Downloads/" to "/media/DATA"
(N) 2020-07-28T09:55:52 - Successfully moved torrent: Mindhunter.S01.1080p.NF.WEBRip.x265.10bit.HDR.DDP5.1-ExREN[rartv]. New path: /media/DATA/
(I) 2020-07-28T10:39:17 - UPnP/NAT-PMP: Port mapping successful, message: successfully mapped port using UPnP. external port: TCP/32671
(I) 2020-07-28T10:39:17 - UPnP/NAT-PMP: Port mapping successful, message: successfully mapped port using UPnP. external port: UDP/32671
(N) 2020-07-28T10:47:37 - qBittorrent v4.2.5 started
(N) 2020-07-28T10:47:37 - Using config directory: /home/hisham/.config/qBittorrent/
(I) 2020-07-28T10:47:37 - Trying to listen on: 0.0.0.0:32671,[::]:32671
(N) 2020-07-28T10:47:37 - Peer ID: -qB4250-
(N) 2020-07-28T10:47:37 - HTTP User-Agent is 'qBittorrent/4.2.5'
(I) 2020-07-28T10:47:37 - DHT support [ON]
(I) 2020-07-28T10:47:37 - Local Peer Discovery support [ON]
(I) 2020-07-28T10:47:37 - PeX support [ON]
(I) 2020-07-28T10:47:37 - Anonymous mode [OFF]
(I) 2020-07-28T10:47:37 - Encryption support [ON]
(I) 2020-07-28T10:47:37 - UPnP / NAT-PMP support [ON]
(I) 2020-07-28T10:47:37 - IP geolocation database loaded. Type: DBIP-Country-Lite. Build time: Tue Jun 30 20:57:33 2020.
(N) 2020-07-28T10:47:37 - Options were saved successfully.
(I) 2020-07-28T10:47:37 - Successfully listening on IP: 127.0.0.1, port: TCP/32671
(I) 2020-07-28T10:47:37 - Successfully listening on IP: 127.0.0.1, port: UDP/32671
(I) 2020-07-28T10:47:37 - Successfully listening on IP: 192.168.0.100, port: TCP/32671
(I) 2020-07-28T10:47:37 - Successfully listening on IP: 192.168.0.100, port: UDP/32671
(I) 2020-07-28T10:47:37 - Successfully listening on IP: ::1, port: TCP/32671
(I) 2020-07-28T10:47:37 - Successfully listening on IP: ::1, port: UDP/32671
(I) 2020-07-28T10:47:37 - UPnP/NAT-PMP: Port mapping successful, message: successfully mapped port using UPnP. external port: TCP/32671
(N) 2020-07-28T10:47:37 - 'Mindhunter.S01.1080p.NF.WEBRip.x265.10bit.HDR.DDP5.1-ExREN[rartv]' restored.
(I) 2020-07-28T10:47:37 - UPnP/NAT-PMP: Port mapping successful, message: successfully mapped port using UPnP. external port: UDP/32671
(I) 2020-07-28T10:47:37 - Detected external IP: 190.48.122.28
(N) 2020-07-28T10:47:57 - Download first and last piece first: Off, torrent: 'Mindhunter.S02.1080p.NF.WEB.DDP5.1.x264-NTb[rartv]'
(N) 2020-07-28T10:47:57 - 'Mindhunter.S02.1080p.NF.WEB.DDP5.1.x264-NTb[rartv]' added to download list.
(N) 2020-07-28T22:46:14 - qBittorrent v4.2.5 started
(N) 2020-07-28T22:46:14 - Using config directory: /home/hisham/.config/qBittorrent/
(I) 2020-07-28T22:46:14 - Trying to listen on: 0.0.0.0:32671,[::]:32671
(N) 2020-07-28T22:46:14 - Peer ID: -qB4250-
(N) 2020-07-28T22:46:14 - HTTP User-Agent is 'qBittorrent/4.2.5'
(I) 2020-07-28T22:46:14 - DHT support [ON]
(I) 2020-07-28T22:46:14 - Local Peer Discovery support [ON]
(I) 2020-07-28T22:46:14 - PeX support [ON]
(I) 2020-07-28T22:46:14 - Anonymous mode [OFF]
(I) 2020-07-28T22:46:14 - Encryption support [ON]
(I) 2020-07-28T22:46:14 - UPnP / NAT-PMP support [ON]
(I) 2020-07-28T22:46:14 - IP geolocation database loaded. Type: DBIP-Country-Lite. Build time: Tue Jun 30 20:57:33 2020.
(N) 2020-07-28T22:46:14 - Options were saved successfully.
(I) 2020-07-28T22:46:15 - Successfully listening on IP: 127.0.0.1, port: TCP/32671
(I) 2020-07-28T22:46:15 - Successfully listening on IP: 127.0.0.1, port: UDP/32671
(I) 2020-07-28T22:46:15 - Successfully listening on IP: 192.168.0.100, port: TCP/32671
(I) 2020-07-28T22:46:15 - Successfully listening on IP: 192.168.0.100, port: UDP/32671
(I) 2020-07-28T22:46:15 - Successfully listening on IP: ::1, port: TCP/32671
(I) 2020-07-28T22:46:15 - Successfully listening on IP: ::1, port: UDP/32671
(I) 2020-07-28T22:46:15 - Successfully listening on IP: fe80::2138:b6a2:9a93:ad53%eno2, port: TCP/32671
(I) 2020-07-28T22:46:15 - Successfully listening on IP: fe80::2138:b6a2:9a93:ad53%eno2, port: UDP/32671
(I) 2020-07-28T22:46:15 - UPnP/NAT-PMP: Port mapping successful, message: successfully mapped port using UPnP. external port: TCP/32671
(I) 2020-07-28T22:46:15 - UPnP/NAT-PMP: Port mapping successful, message: successfully mapped port using UPnP. external port: UDP/32671
(I) 2020-07-28T22:46:15 - Detected external IP: 190.48.122.28
(N) 2020-07-28T22:46:15 - 'Mindhunter.S02.1080p.NF.WEB.DDP5.1.x264-NTb[rartv]' restored.
(N) 2020-07-28T22:46:15 - 'Mindhunter.S01.1080p.NF.WEBRip.x265.10bit.HDR.DDP5.1-ExREN[rartv]' restored.
(I) 2020-07-28T23:31:14 - UPnP/NAT-PMP: Port mapping successful, message: successfully mapped port using UPnP. external port: TCP/32671
(I) 2020-07-28T23:31:14 - UPnP/NAT-PMP: Port mapping successful, message: successfully mapped port using UPnP. external port: UDP/32671
(I) 2020-07-29T00:16:14 - UPnP/NAT-PMP: Port mapping successful, message: successfully mapped port using UPnP. external port: TCP/32671
(I) 2020-07-29T00:16:15 - UPnP/NAT-PMP: Port mapping successful, message: successfully mapped port using UPnP. external port: UDP/32671
(I) 2020-07-29T01:01:15 - UPnP/NAT-PMP: Port mapping successful, message: successfully mapped port using UPnP. external port: TCP/32671
(I) 2020-07-29T01:46:15 - UPnP/NAT-PMP: Port mapping successful, message: successfully mapped port using UPnP. external port: TCP/32671
(I) 2020-07-29T01:46:15 - UPnP/NAT-PMP: Port mapping successful, message: successfully mapped port using UPnP. external port: UDP/32671
(I) 2020-07-29T02:31:15 - UPnP/NAT-PMP: Port mapping successful, message: successfully mapped port using UPnP. external port: TCP/32671
(I) 2020-07-29T02:31:15 - UPnP/NAT-PMP: Port mapping successful, message: successfully mapped port using UPnP. external port: UDP/32671
(I) 2020-07-29T03:16:15 - UPnP/NAT-PMP: Port mapping successful, message: successfully mapped port using UPnP. external port: TCP/32671
(I) 2020-07-29T03:16:15 - UPnP/NAT-PMP: Port mapping successful, message: successfully mapped port using UPnP. external port: UDP/32671
(I) 2020-07-29T04:01:15 - UPnP/NAT-PMP: Port mapping successful, message: successfully mapped port using UPnP. external port: TCP/32671
(I) 2020-07-29T04:01:15 - UPnP/NAT-PMP: Port mapping successful, message: successfully mapped port using UPnP. external port: UDP/32671
(I) 2020-07-29T04:46:15 - UPnP/NAT-PMP: Port mapping successful, message: successfully mapped port using UPnP. external port: TCP/32671
(I) 2020-07-29T04:46:15 - UPnP/NAT-PMP: Port mapping successful, message: successfully mapped port using UPnP. external port: UDP/32671
(I) 2020-07-29T05:31:15 - UPnP/NAT-PMP: Port mapping successful, message: successfully mapped port using UPnP. external port: TCP/32671
(I) 2020-07-29T05:31:15 - UPnP/NAT-PMP: Port mapping successful, message: successfully mapped port using UPnP. external port: UDP/32671
(I) 2020-07-29T06:16:15 - UPnP/NAT-PMP: Port mapping successful, message: successfully mapped port using UPnP. external port: TCP/32671
(I) 2020-07-29T06:16:15 - UPnP/NAT-PMP: Port mapping successful, message: successfully mapped port using UPnP. external port: UDP/32671
(I) 2020-07-29T07:01:15 - UPnP/NAT-PMP: Port mapping successful, message: successfully mapped port using UPnP. external port: TCP/32671
(I) 2020-07-29T07:01:15 - UPnP/NAT-PMP: Port mapping successful, message: successfully mapped port using UPnP. external port: UDP/32671
(I) 2020-07-29T07:46:15 - UPnP/NAT-PMP: Port mapping successful, message: successfully mapped port using UPnP. external port: TCP/32671
(I) 2020-07-29T07:46:15 - UPnP/NAT-PMP: Port mapping successful, message: successfully mapped port using UPnP. external port: UDP/32671
(I) 2020-07-29T08:31:15 - UPnP/NAT-PMP: Port mapping successful, message: successfully mapped port using UPnP. external port: TCP/32671
(I) 2020-07-29T08:31:15 - UPnP/NAT-PMP: Port mapping successful, message: successfully mapped port using UPnP. external port: UDP/32671
(I) 2020-07-29T09:16:15 - UPnP/NAT-PMP: Port mapping successful, message: successfully mapped port using UPnP. external port: TCP/32671
(I) 2020-07-29T09:16:15 - UPnP/NAT-PMP: Port mapping successful, message: successfully mapped port using UPnP. external port: UDP/32671
(I) 2020-07-29T10:01:15 - UPnP/NAT-PMP: Port mapping successful, message: successfully mapped port using UPnP. external port: TCP/32671
(I) 2020-07-29T10:01:16 - UPnP/NAT-PMP: Port mapping successful, message: successfully mapped port using UPnP. external port: UDP/32671
(I) 2020-07-29T10:46:16 - UPnP/NAT-PMP: Port mapping successful, message: successfully mapped port using UPnP. external port: TCP/32671
(I) 2020-07-29T10:46:16 - UPnP/NAT-PMP: Port mapping successful, message: successfully mapped port using UPnP. external port: UDP/32671
(I) 2020-07-29T11:31:16 - UPnP/NAT-PMP: Port mapping successful, message: successfully mapped port using UPnP. external port: TCP/32671
(I) 2020-07-29T11:31:16 - UPnP/NAT-PMP: Port mapping successful, message: successfully mapped port using UPnP. external port: UDP/32671
(N) 2020-07-29T22:54:04 - qBittorrent v4.2.5 started
(N) 2020-07-29T22:54:04 - Using config directory: /home/hisham/.config/qBittorrent/
(I) 2020-07-29T22:54:04 - Trying to listen on: 0.0.0.0:32671,[::]:32671
(N) 2020-07-29T22:54:04 - Peer ID: -qB4250-
(N) 2020-07-29T22:54:04 - HTTP User-Agent is 'qBittorrent/4.2.5'
(I) 2020-07-29T22:54:04 - DHT support [ON]
(I) 2020-07-29T22:54:04 - Local Peer Discovery support [ON]
(I) 2020-07-29T22:54:04 - PeX support [ON]
(I) 2020-07-29T22:54:04 - Anonymous mode [OFF]
(I) 2020-07-29T22:54:04 - Encryption support [ON]
(I) 2020-07-29T22:54:04 - UPnP / NAT-PMP support [ON]
(I) 2020-07-29T22:54:04 - IP geolocation database loaded. Type: DBIP-Country-Lite. Build time: Tue Jun 30 20:57:33 2020.
(N) 2020-07-29T22:54:04 - Options were saved successfully.
(I) 2020-07-29T22:54:05 - Successfully listening on IP: 127.0.0.1, port: TCP/32671
(I) 2020-07-29T22:54:05 - Successfully listening on IP: 127.0.0.1, port: UDP/32671
(I) 2020-07-29T22:54:05 - Successfully listening on IP: 192.168.0.100, port: TCP/32671
(I) 2020-07-29T22:54:05 - Successfully listening on IP: 192.168.0.100, port: UDP/32671
(I) 2020-07-29T22:54:05 - Successfully listening on IP: ::1, port: TCP/32671
(I) 2020-07-29T22:54:05 - Successfully listening on IP: ::1, port: UDP/32671
(I) 2020-07-29T22:54:05 - Successfully listening on IP: fe80::2138:b6a2:9a93:ad53%eno2, port: TCP/32671
(I) 2020-07-29T22:54:05 - Successfully listening on IP: fe80::2138:b6a2:9a93:ad53%eno2, port: UDP/32671
(I) 2020-07-29T22:54:05 - UPnP/NAT-PMP: Port mapping successful, message: successfully mapped port using UPnP. external port: TCP/32671
(I) 2020-07-29T22:54:05 - UPnP/NAT-PMP: Port mapping successful, message: successfully mapped port using UPnP. external port: UDP/32671
(I) 2020-07-29T22:54:05 - Detected external IP: 190.48.122.28
(N) 2020-07-29T22:54:05 - 'Mindhunter.S02.1080p.NF.WEB.DDP5.1.x264-NTb[rartv]' restored.
(N) 2020-07-29T22:54:05 - 'Mindhunter.S01.1080p.NF.WEBRip.x265.10bit.HDR.DDP5.1-ExREN[rartv]' restored.
(I) 2020-07-29T23:39:04 - UPnP/NAT-PMP: Port mapping successful, message: successfully mapped port using UPnP. external port: TCP/32671
(I) 2020-07-29T23:39:04 - UPnP/NAT-PMP: Port mapping successful, message: successfully mapped port using UPnP. external port: UDP/32671
(I) 2020-07-30T00:24:04 - UPnP/NAT-PMP: Port mapping successful, message: successfully mapped port using UPnP. external port: TCP/32671
(I) 2020-07-30T00:24:05 - UPnP/NAT-PMP: Port mapping successful, message: successfully mapped port using UPnP. external port: UDP/32671
(I) 2020-07-30T01:09:05 - UPnP/NAT-PMP: Port mapping successful, message: successfully mapped port using UPnP. external port: TCP/32671
(I) 2020-07-30T01:09:05 - UPnP/NAT-PMP: Port mapping successful, message: successfully mapped port using UPnP. external port: UDP/32671
(I) 2020-07-30T01:54:05 - UPnP/NAT-PMP: Port mapping successful, message: successfully mapped port using UPnP. external port: TCP/32671
(I) 2020-07-30T01:54:05 - UPnP/NAT-PMP: Port mapping successful, message: successfully mapped port using UPnP. external port: UDP/32671
(I) 2020-07-30T02:39:05 - UPnP/NAT-PMP: Port mapping successful, message: successfully mapped port using UPnP. external port: TCP/32671
(I) 2020-07-30T02:39:05 - UPnP/NAT-PMP: Port mapping successful, message: successfully mapped port using UPnP. external port: UDP/32671
(I) 2020-07-30T03:24:05 - UPnP/NAT-PMP: Port mapping successful, message: successfully mapped port using UPnP. external port: TCP/32671
(I) 2020-07-30T03:24:05 - UPnP/NAT-PMP: Port mapping successful, message: successfully mapped port using UPnP. external port: UDP/32671
(I) 2020-07-30T04:09:05 - UPnP/NAT-PMP: Port mapping successful, message: successfully mapped port using UPnP. external port: TCP/32671
(I) 2020-07-30T04:09:05 - UPnP/NAT-PMP: Port mapping successful, message: successfully mapped port using UPnP. external port: UDP/32671
(I) 2020-07-30T04:54:05 - UPnP/NAT-PMP: Port mapping successful, message: successfully mapped port using UPnP. external port: TCP/32671
(I) 2020-07-30T04:54:05 - UPnP/NAT-PMP: Port mapping successful, message: successfully mapped port using UPnP. external port: UDP/32671
(I) 2020-07-30T05:39:05 - UPnP/NAT-PMP: Port mapping successful, message: successfully mapped port using UPnP. external port: TCP/32671
(I) 2020-07-30T05:39:05 - UPnP/NAT-PMP: Port mapping successful, message: successfully mapped port using UPnP. external port: UDP/32671
(I) 2020-07-30T06:24:05 - UPnP/NAT-PMP: Port mapping successful, message: successfully mapped port using UPnP. external port: TCP/32671
(I) 2020-07-30T06:24:05 - UPnP/NAT-PMP: Port mapping successful, message: successfully mapped port using UPnP. external port: UDP/32671
(I) 2020-07-30T07:09:05 - UPnP/NAT-PMP: Port mapping successful, message: successfully mapped port using UPnP. external port: TCP/32671
(I) 2020-07-30T07:09:05 - UPnP/NAT-PMP: Port mapping successful, message: successfully mapped port using UPnP. external port: UDP/32671
(N) 2020-07-30T07:29:49 - qBittorrent v4.2.5 started
(N) 2020-07-30T07:29:49 - Using config directory: /home/hisham/.config/qBittorrent/
(I) 2020-07-30T07:29:49 - Trying to listen on: 0.0.0.0:32671,[::]:32671
(N) 2020-07-30T07:29:49 - Peer ID: -qB4250-
(N) 2020-07-30T07:29:49 - HTTP User-Agent is 'qBittorrent/4.2.5'
(I) 2020-07-30T07:29:49 - DHT support [ON]
(I) 2020-07-30T07:29:49 - Local Peer Discovery support [ON]
(I) 2020-07-30T07:29:49 - PeX support [ON]
(I) 2020-07-30T07:29:49 - Anonymous mode [OFF]
(I) 2020-07-30T07:29:49 - Encryption support [ON]
(I) 2020-07-30T07:29:49 - UPnP / NAT-PMP support [ON]
(I) 2020-07-30T07:29:49 - IP geolocation database loaded. Type: DBIP-Country-Lite. Build time: Tue Jun 30 20:57:33 2020.
(N) 2020-07-30T07:29:49 - Options were saved successfully.
(I) 2020-07-30T07:29:49 - Successfully listening on IP: 127.0.0.1, port: TCP/32671
(I) 2020-07-30T07:29:49 - Successfully listening on IP: 127.0.0.1, port: UDP/32671
(I) 2020-07-30T07:29:49 - Successfully listening on IP: 192.168.0.100, port: TCP/32671
(I) 2020-07-30T07:29:49 - Successfully listening on IP: 192.168.0.100, port: UDP/32671
(I) 2020-07-30T07:29:49 - Successfully listening on IP: ::1, port: TCP/32671
(I) 2020-07-30T07:29:49 - Successfully listening on IP: ::1, port: UDP/32671
(I) 2020-07-30T07:29:49 - Successfully listening on IP: fe80::2138:b6a2:9a93:ad53%eno2, port: TCP/32671
(I) 2020-07-30T07:29:49 - Successfully listening on IP: fe80::2138:b6a2:9a93:ad53%eno2, port: UDP/32671
(I) 2020-07-30T07:29:49 - UPnP/NAT-PMP: Port mapping successful, message: successfully mapped port using UPnP. external port: TCP/32671
(I) 2020-07-30T07:29:49 - UPnP/NAT-PMP: Port mapping successful, message: successfully mapped port using UPnP. external port: UDP/32671
(N) 2020-07-30T07:29:49 - 'Mindhunter.S02.1080p.NF.WEB.DDP5.1.x264-NTb[rartv]' restored.
(N) 2020-07-30T07:29:49 - 'Mindhunter.S01.1080p.NF.WEBRip.x265.10bit.HDR.DDP5.1-ExREN[rartv]' restored.
(I) 2020-07-30T07:29:49 - Detected external IP: 190.48.122.28
(N) 2020-07-30T08:07:51 - 'Mindhunter.S01.1080p.NF.WEBRip.x265.10bit.HDR.DDP5.1-ExREN[rartv]' was removed from the transfer list.
(I) 2020-07-30T08:14:49 - UPnP/NAT-PMP: Port mapping successful, message: successfully mapped port using UPnP. external port: TCP/32671
(I) 2020-07-30T08:14:49 - UPnP/NAT-PMP: Port mapping successful, message: successfully mapped port using UPnP. external port: UDP/32671
(N) 2020-07-30T08:41:26 - 'Mindhunter.S02.1080p.NF.WEB.DDP5.1.x264-NTb[rartv]' was removed from the transfer list.
(N) 2020-08-19T22:50:14 - qBittorrent v4.2.5 iniciado
(N) 2020-08-19T22:50:14 - Usando el directorio de configuración: /home/hisham/.config/qBittorrent/
